"../../../Engine/Content/EditorResources/S_Actor.ubulk" 0
"../../../Engine/Content/EditorResources/S_Actor.uasset" 1
"../../../Engine/Content/EditorResources/S_Actor.uexp" 2
"../../../Engine/Content/EditorResources/S_BoxReflectionCapture.uasset" 3
"../../../Engine/Content/EditorResources/S_BoxReflectionCapture.uexp" 4
"../../../Engine/Content/EngineResources/DefaultTexture.ubulk" 5
"../../../Engine/Content/EngineResources/DefaultTexture.uasset" 6
"../../../Engine/Content/EngineResources/DefaultTexture.uexp" 7
"../../../Engine/Content/EngineResources/DefaultTextureCube.uasset" 8
"../../../Engine/Content/EngineResources/DefaultTextureCube.uexp" 9
"../../../Engine/Content/EngineResources/DefaultVolumeTexture2D.uasset" 10
"../../../Engine/Content/EngineResources/DefaultVolumeTexture2D.uexp" 11
"../../../Engine/Content/EngineResources/DefaultVolumeTexture.uasset" 12
"../../../Engine/Content/EngineResources/DefaultVolumeTexture.uexp" 13
"../../../Engine/Content/EditorResources/S_Trigger.ubulk" 14
"../../../Engine/Content/EditorResources/S_Trigger.uasset" 15
"../../../Engine/Content/EditorResources/S_Trigger.uexp" 16
"../../../Engine/Content/EditorResources/S_TriggerBox.uasset" 17
"../../../Engine/Content/EditorResources/S_TriggerBox.uexp" 18
"../../../Engine/Content/EditorResources/S_TriggerCapsule.uasset" 19
"../../../Engine/Content/EditorResources/S_TriggerCapsule.uexp" 20
"../../../Engine/Content/EditorResources/S_TriggerSphere.uasset" 21
"../../../Engine/Content/EditorResources/S_TriggerSphere.uexp" 22
"../../../Engine/Content/EngineMeshes/Sphere.ubulk" 23
"../../../Engine/Content/EngineMeshes/Sphere.uasset" 24
"../../../Engine/Content/EngineMeshes/Sphere.uexp" 25
"../../../Engine/Content/EngineResources/GradientTexture0.uasset" 26
"../../../Engine/Content/EngineResources/GradientTexture0.uexp" 27
"../../../Engine/Content/EngineResources/Black.uasset" 28
"../../../Engine/Content/EngineResources/Black.uexp" 29
"../../../Engine/Content/VREditor/LaserPointer/VR_LaserPower_01.ubulk" 30
"../../../Engine/Content/VREditor/LaserPointer/VR_LaserPower_01.uasset" 31
"../../../Engine/Content/VREditor/LaserPointer/VR_LaserPower_01.uexp" 32
"../../../Engine/Content/VREditor/TransformGizmo/TransformGizmoMaterial.uasset" 33
"../../../Engine/Content/VREditor/TransformGizmo/TransformGizmoMaterial.uexp" 34
"../../../Engine/Content/VREditor/TransformGizmo/TranslucentTransformGizmoMaterial.uasset" 35
"../../../Engine/Content/VREditor/TransformGizmo/TranslucentTransformGizmoMaterial.uexp" 36
"../../../Engine/Content/VREditor/TransformGizmo/PlaneTranslationHandle.ubulk" 37
"../../../Engine/Content/VREditor/TransformGizmo/PlaneTranslationHandle.uasset" 38
"../../../Engine/Content/VREditor/TransformGizmo/PlaneTranslationHandle.uexp" 39
"../../../Engine/Content/VREditor/TransformGizmo/BoundingBoxCorner.ubulk" 40
"../../../Engine/Content/VREditor/TransformGizmo/BoundingBoxCorner.uasset" 41
"../../../Engine/Content/VREditor/TransformGizmo/BoundingBoxCorner.uexp" 42
"../../../Engine/Content/VREditor/TransformGizmo/BoundingBoxEdge.ubulk" 43
"../../../Engine/Content/VREditor/TransformGizmo/BoundingBoxEdge.uasset" 44
"../../../Engine/Content/VREditor/TransformGizmo/BoundingBoxEdge.uexp" 45
"../../../Engine/Content/VREditor/TransformGizmo/Main.uasset" 46
"../../../Engine/Content/VREditor/TransformGizmo/Main.uexp" 47
"../../../Engine/Content/VREditor/TransformGizmo/Xray.uasset" 48
"../../../Engine/Content/VREditor/TransformGizmo/Xray.uexp" 49
"../../../Engine/Content/VREditor/TransformGizmo/SM_Sequencer_Node.ubulk" 50
"../../../Engine/Content/VREditor/TransformGizmo/SM_Sequencer_Node.uasset" 51
"../../../Engine/Content/VREditor/TransformGizmo/SM_Sequencer_Node.uexp" 52
"../../../Engine/Content/EditorMaterials/Camera/CineMat.uasset" 53
"../../../Engine/Content/EditorMaterials/Camera/CineMat.uexp" 54
"../../../Engine/Content/EditorMaterials/Camera/MI_CineMat_Rig.uasset" 55
"../../../Engine/Content/EditorMaterials/Camera/MI_CineMat_Rig.uexp" 56
"../../../Engine/Content/EditorMeshes/Camera/SM_CraneRig_Base.ubulk" 57
"../../../Engine/Content/EditorMeshes/Camera/SM_CraneRig_Base.uasset" 58
"../../../Engine/Content/EditorMeshes/Camera/SM_CraneRig_Base.uexp" 59
"../../../Engine/Content/EditorMeshes/Camera/SM_CraneRig_Arm.ubulk" 60
"../../../Engine/Content/EditorMeshes/Camera/SM_CraneRig_Arm.uasset" 61
"../../../Engine/Content/EditorMeshes/Camera/SM_CraneRig_Arm.uexp" 62
"../../../Engine/Content/EditorMeshes/Camera/SM_CraneRig_Mount.ubulk" 63
"../../../Engine/Content/EditorMeshes/Camera/SM_CraneRig_Mount.uasset" 64
"../../../Engine/Content/EditorMeshes/Camera/SM_CraneRig_Mount.uexp" 65
"../../../Engine/Content/EditorMeshes/Camera/SM_CraneRig_Body.ubulk" 66
"../../../Engine/Content/EditorMeshes/Camera/SM_CraneRig_Body.uasset" 67
"../../../Engine/Content/EditorMeshes/Camera/SM_CraneRig_Body.uexp" 68
"../../../Engine/Content/EditorMeshes/Camera/SM_RailRig_Track.ubulk" 69
"../../../Engine/Content/EditorMeshes/Camera/SM_RailRig_Track.uasset" 70
"../../../Engine/Content/EditorMeshes/Camera/SM_RailRig_Track.uexp" 71
"../../../Engine/Content/EditorMeshes/Camera/SM_RailRig_Mount.ubulk" 72
"../../../Engine/Content/EditorMeshes/Camera/SM_RailRig_Mount.uasset" 73
"../../../Engine/Content/EditorMeshes/Camera/SM_RailRig_Mount.uexp" 74
"../../../Engine/Content/EngineMaterials/T_Default_Material_Grid_M.ubulk" 75
"../../../Engine/Content/EngineMaterials/T_Default_Material_Grid_M.uasset" 76
"../../../Engine/Content/EngineMaterials/T_Default_Material_Grid_M.uexp" 77
"../../../Engine/Content/EngineMaterials/T_Default_Material_Grid_N.ubulk" 78
"../../../Engine/Content/EngineMaterials/T_Default_Material_Grid_N.uasset" 79
"../../../Engine/Content/EngineMaterials/T_Default_Material_Grid_N.uexp" 80
"../../../Engine/Content/Functions/Engine_MaterialFunctions01/Opacity/CameraDepthFade.uasset" 81
"../../../Engine/Content/Functions/Engine_MaterialFunctions01/Opacity/CameraDepthFade.uexp" 82
"../../../Engine/Content/EngineMaterials/WorldGridMaterial.uasset" 83
"../../../Engine/Content/EngineMaterials/WorldGridMaterial.uexp" 84
"../../../Engine/Content/ArtTools/RenderToTexture/Meshes/S_1_Unit_Plane.ubulk" 85
"../../../Engine/Content/ArtTools/RenderToTexture/Meshes/S_1_Unit_Plane.uasset" 86
"../../../Engine/Content/ArtTools/RenderToTexture/Meshes/S_1_Unit_Plane.uexp" 87
"../../../Engine/Content/EditorMaterials/ParticleSystems/PSysThumbnail_NoImage.ubulk" 88
"../../../Engine/Content/EditorMaterials/ParticleSystems/PSysThumbnail_NoImage.uasset" 89
"../../../Engine/Content/EditorMaterials/ParticleSystems/PSysThumbnail_NoImage.uexp" 90
"../../../Engine/Content/EditorMaterials/ParticleSystems/PSysThumbnail_OOD.ubulk" 91
"../../../Engine/Content/EditorMaterials/ParticleSystems/PSysThumbnail_OOD.uasset" 92
"../../../Engine/Content/EditorMaterials/ParticleSystems/PSysThumbnail_OOD.uexp" 93
"../../../Engine/Content/EditorLandscapeResources/SplineEditorMeshMat.uasset" 94
"../../../Engine/Content/EditorLandscapeResources/SplineEditorMeshMat.uexp" 95
"../../../Engine/Content/EditorLandscapeResources/SplineEditorMesh.ubulk" 96
"../../../Engine/Content/EditorLandscapeResources/SplineEditorMesh.uasset" 97
"../../../Engine/Content/EditorLandscapeResources/SplineEditorMesh.uexp" 98
"../../../Engine/Content/EditorResources/S_Solver.ubulk" 99
"../../../Engine/Content/EditorResources/S_Solver.uasset" 100
"../../../Engine/Content/EditorResources/S_Solver.uexp" 101
"../../../Engine/Content/EditorMeshes/EditorSphere.ubulk" 102
"../../../Engine/Content/EditorMeshes/EditorSphere.uasset" 103
"../../../Engine/Content/EditorMeshes/EditorSphere.uexp" 104
"../../../Engine/Plugins/Media/MediaPlate/Content/SM_MediaPlateScreen.ubulk" 105
"../../../Engine/Plugins/Media/MediaPlate/Content/SM_MediaPlateScreen.uasset" 106
"../../../Engine/Plugins/Media/MediaPlate/Content/SM_MediaPlateScreen.uexp" 107
"../../../Engine/Content/EngineMaterials/Good64x64TilingNoiseHighFreq.uasset" 108
"../../../Engine/Content/EngineMaterials/Good64x64TilingNoiseHighFreq.uexp" 109
"../../../Engine/Content/EngineMaterials/DefaultBokeh.uasset" 110
"../../../Engine/Content/EngineMaterials/DefaultBokeh.uexp" 111
"../../../Engine/Content/EngineMaterials/PreintegratedSkinBRDF.uasset" 112
"../../../Engine/Content/EngineMaterials/PreintegratedSkinBRDF.uexp" 113
"../../../Engine/Content/EngineMaterials/MiniFont.uasset" 114
"../../../Engine/Content/EngineMaterials/MiniFont.uexp" 115
"../../../Engine/Content/EngineMaterials/WeightMapPlaceholderTexture.uasset" 116
"../../../Engine/Content/EngineMaterials/WeightMapPlaceholderTexture.uexp" 117
"../../../Engine/Content/EngineMaterials/DefaultWhiteGrid.ubulk" 118
"../../../Engine/Content/EngineMaterials/DefaultWhiteGrid.uasset" 119
"../../../Engine/Content/EngineMaterials/DefaultWhiteGrid.uexp" 120
"../../../Engine/Content/Animation/DefaultRecorderBoneCompression.uasset" 121
"../../../Engine/Content/Animation/DefaultRecorderBoneCompression.uexp" 122
"../../../Engine/Content/Animation/DefaultAnimCurveCompressionSettings.uasset" 123
"../../../Engine/Content/Animation/DefaultAnimCurveCompressionSettings.uexp" 124
"../../../Engine/Content/Animation/DefaultAnimBoneCompressionSettings.uasset" 125
"../../../Engine/Content/Animation/DefaultAnimBoneCompressionSettings.uexp" 126
"../../../Engine/Content/EngineMaterials/DefaultMaterial.uasset" 127
"../../../Engine/Content/EngineMaterials/DefaultMaterial.uexp" 128
"../../../Engine/Content/BasicShapes/Cylinder.ubulk" 129
"../../../Engine/Content/BasicShapes/Cylinder.uasset" 130
"../../../Engine/Content/BasicShapes/Cylinder.uexp" 131
"../../../Engine/Content/BasicShapes/Cube.ubulk" 132
"../../../Engine/Content/BasicShapes/Cube.uasset" 133
"../../../Engine/Content/BasicShapes/Cube.uexp" 134
"../../../Engine/Content/BasicShapes/Cone.ubulk" 135
"../../../Engine/Content/BasicShapes/Cone.uasset" 136
"../../../Engine/Content/BasicShapes/Cone.uexp" 137
"../../../Engine/Content/EditorLandscapeResources/DefaultAlphaTexture.uasset" 138
"../../../Engine/Content/EditorLandscapeResources/DefaultAlphaTexture.uexp" 139
"../../../Engine/Content/EditorLandscapeResources/DataLayer.uasset" 140
"../../../Engine/Content/EditorLandscapeResources/DataLayer.uexp" 141
"../../../Engine/Content/EditorMaterials/PreviewShadowIndicator.ubulk" 142
"../../../Engine/Content/EditorMaterials/PreviewShadowIndicator.uasset" 143
"../../../Engine/Content/EditorMaterials/PreviewShadowIndicator.uexp" 144
"../../../Engine/Content/EditorMaterials/PreviewShadowIndicatorMaterial.uasset" 145
"../../../Engine/Content/EditorMaterials/PreviewShadowIndicatorMaterial.uexp" 146
"../../../Engine/Content/EditorMaterials/PhAT_UnselectedMaterial.uasset" 147
"../../../Engine/Content/EditorMaterials/PhAT_UnselectedMaterial.uexp" 148
"../../../Engine/Content/EditorMaterials/PhAT_NoCollisionMaterial.uasset" 149
"../../../Engine/Content/EditorMaterials/PhAT_NoCollisionMaterial.uexp" 150
"../../../Engine/Content/Functions/Engine_MaterialFunctions02/Utility/MakeFloat4.uasset" 151
"../../../Engine/Content/Functions/Engine_MaterialFunctions02/Utility/MakeFloat4.uexp" 152
"../../../Engine/Content/Functions/Engine_MaterialFunctions02/Utility/MakeFloat3.uasset" 153
"../../../Engine/Content/Functions/Engine_MaterialFunctions02/Utility/MakeFloat3.uexp" 154
"../../../Engine/Content/Functions/Engine_MaterialFunctions02/Utility/BreakOutFloat3Components.uasset" 155
"../../../Engine/Content/Functions/Engine_MaterialFunctions02/Utility/BreakOutFloat3Components.uexp" 156
"../../../Engine/Content/EditorMaterials/WorldPartition/WorldPartitionSpatialHashGridPreviewMaterial.uasset" 157
"../../../Engine/Content/EditorMaterials/WorldPartition/WorldPartitionSpatialHashGridPreviewMaterial.uexp" 158
"../../../Engine/Content/EditorResources/S_Terrain.ubulk" 159
"../../../Engine/Content/EditorResources/S_Terrain.uasset" 160
"../../../Engine/Content/EditorResources/S_Terrain.uexp" 161
"../../../Engine/Content/EditorResources/EmptyActor.uasset" 162
"../../../Engine/Content/EditorResources/EmptyActor.uexp" 163
"../../../Engine/Content/EditorResources/BSPVertex.uasset" 164
"../../../Engine/Content/EditorResources/BSPVertex.uexp" 165
"../../../Engine/Content/EditorResources/AudioIcons/S_AudioComponent_AutoActivate.uasset" 166
"../../../Engine/Content/EditorResources/AudioIcons/S_AudioComponent_AutoActivate.uexp" 167
"../../../Engine/Content/EditorResources/SequenceRecorder/RecordingIndicator.uasset" 168
"../../../Engine/Content/EditorResources/SequenceRecorder/RecordingIndicator.uexp" 169
"../../../Engine/Content/EditorResources/SequenceRecorder/Countdown.uasset" 170
"../../../Engine/Content/EditorResources/SequenceRecorder/Countdown.uexp" 171
"../../../Engine/Content/EngineDamageTypes/DmgTypeBP_Environmental.uasset" 172
"../../../Engine/Content/EngineDamageTypes/DmgTypeBP_Environmental.uexp" 173
"../../../Engine/Content/Functions/Engine_MaterialFunctions02/Utility/CameraDirectionVector.uasset" 174
"../../../Engine/Content/Functions/Engine_MaterialFunctions02/Utility/CameraDirectionVector.uexp" 175
"../../../Engine/Content/EngineDebugMaterials/VolumeToRender.uasset" 176
"../../../Engine/Content/EngineDebugMaterials/VolumeToRender.uexp" 177
"../../../Engine/Content/EngineDebugMaterials/M_VolumeRenderSphereTracePP.uasset" 178
"../../../Engine/Content/EngineDebugMaterials/M_VolumeRenderSphereTracePP.uexp" 179
"../../../Engine/Content/EngineDebugMaterials/M_SimpleUnlitTranslucent.uasset" 180
"../../../Engine/Content/EngineDebugMaterials/M_SimpleUnlitTranslucent.uexp" 181
"../../../Engine/Content/EngineDebugMaterials/DebugMeshMaterial.uasset" 182
"../../../Engine/Content/EngineDebugMaterials/DebugMeshMaterial.uexp" 183
"../../../Engine/Content/EngineDebugMaterials/DebugEditorMaterial.uasset" 184
"../../../Engine/Content/EngineDebugMaterials/DebugEditorMaterial.uexp" 185
"../../../Engine/Content/EngineFonts/Faces/RobotoLight.uexp" 186
"../../../Engine/Content/EngineFonts/Faces/RobotoLight.uasset" 187
"../../../Engine/Content/EngineFonts/Faces/RobotoLight.ufont" 188
"../../../Engine/Content/EngineFonts/Faces/RobotoBold.uexp" 189
"../../../Engine/Content/EngineFonts/Faces/RobotoBold.uasset" 190
"../../../Engine/Content/EngineFonts/Faces/RobotoBold.ufont" 191
"../../../Engine/Content/EngineFonts/Faces/RobotoRegular.uexp" 192
"../../../Engine/Content/EngineFonts/Faces/RobotoRegular.uasset" 193
"../../../Engine/Content/EngineFonts/Faces/RobotoRegular.ufont" 194
"../../../Engine/Content/EngineFonts/Faces/DroidSansFallback.uexp" 195
"../../../Engine/Content/EngineFonts/Faces/DroidSansFallback.uasset" 196
"../../../Engine/Content/EngineFonts/Faces/DroidSansFallback.ufont" 197
"../../../Engine/Content/EngineFonts/Faces/RobotoItalic.uexp" 198
"../../../Engine/Content/EngineFonts/Faces/RobotoItalic.uasset" 199
"../../../Engine/Content/EngineFonts/Faces/RobotoItalic.ufont" 200
"../../../Engine/Content/EngineFonts/Faces/RobotoBoldItalic.uexp" 201
"../../../Engine/Content/EngineFonts/Faces/RobotoBoldItalic.uasset" 202
"../../../Engine/Content/EngineFonts/Faces/RobotoBoldItalic.ufont" 203
"../../../Engine/Content/EngineFonts/Roboto.uasset" 204
"../../../Engine/Content/EngineFonts/Roboto.uexp" 205
"../../../Engine/Content/EngineResources/WhiteSquareTexture.uasset" 206
"../../../Engine/Content/EngineResources/WhiteSquareTexture.uexp" 207
"../../../Engine/Content/EngineMaterials/Widget3DPassThrough.uasset" 208
"../../../Engine/Content/EngineMaterials/Widget3DPassThrough.uexp" 209
"../../../Engine/Content/EngineMaterials/Widget3DPassThrough_Translucent.uasset" 210
"../../../Engine/Content/EngineMaterials/Widget3DPassThrough_Translucent.uexp" 211
"../../../Engine/Content/EngineMaterials/Widget3DPassThrough_Translucent_OneSided.uasset" 212
"../../../Engine/Content/EngineMaterials/Widget3DPassThrough_Translucent_OneSided.uexp" 213
"../../../Engine/Content/EngineMaterials/Widget3DPassThrough_Opaque.uasset" 214
"../../../Engine/Content/EngineMaterials/Widget3DPassThrough_Opaque.uexp" 215
"../../../Engine/Content/EngineMaterials/Widget3DPassThrough_Opaque_OneSided.uasset" 216
"../../../Engine/Content/EngineMaterials/Widget3DPassThrough_Opaque_OneSided.uexp" 217
"../../../Engine/Content/EngineMaterials/Widget3DPassThrough_Masked_OneSided.uasset" 218
"../../../Engine/Content/EngineMaterials/Widget3DPassThrough_Masked_OneSided.uexp" 219
"../../../Engine/Content/EngineMaterials/Widget3DPassThrough_Masked.uasset" 220
"../../../Engine/Content/EngineMaterials/Widget3DPassThrough_Masked.uexp" 221
"../../../Engine/Content/EngineMaterials/STBlueNoise_vec2_128x128x64.uasset" 222
"../../../Engine/Content/EngineMaterials/STBlueNoise_vec2_128x128x64.uexp" 223
"../../../Engine/Content/EngineMaterials/STBlueNoise_scalar_128x128x64.uasset" 224
"../../../Engine/Content/EngineMaterials/STBlueNoise_scalar_128x128x64.uexp" 225
"../../../Engine/Content/EngineMaterials/RemoveSurfaceMaterial.uasset" 226
"../../../Engine/Content/EngineMaterials/RemoveSurfaceMaterial.uexp" 227
"../../../Engine/Content/EngineMaterials/DefaultCalibrationGrayscale.uasset" 228
"../../../Engine/Content/EngineMaterials/DefaultCalibrationGrayscale.uexp" 229
"../../../Engine/Content/EngineMaterials/PPM_DefaultCalibrationGrayscale.uasset" 230
"../../../Engine/Content/EngineMaterials/PPM_DefaultCalibrationGrayscale.uexp" 231
"../../../Engine/Content/EngineMaterials/DefaultCalibrationColor.uasset" 232
"../../../Engine/Content/EngineMaterials/DefaultCalibrationColor.uexp" 233
"../../../Engine/Content/EngineMaterials/PPM_DefaultCalibrationColor.uasset" 234
"../../../Engine/Content/EngineMaterials/PPM_DefaultCalibrationColor.uexp" 235
"../../../Engine/Content/Functions/Engine_MaterialFunctions02/WorldPositionOffset/CameraOffset.uasset" 236
"../../../Engine/Content/Functions/Engine_MaterialFunctions02/WorldPositionOffset/CameraOffset.uexp" 237
"../../../Engine/Content/EngineMaterials/PhAT_JointLimitMaterial.uasset" 238
"../../../Engine/Content/EngineMaterials/PhAT_JointLimitMaterial.uexp" 239
"../../../Engine/Content/EngineMaterials/InvalidLightmapSettings.ubulk" 240
"../../../Engine/Content/EngineMaterials/InvalidLightmapSettings.uasset" 241
"../../../Engine/Content/EngineMaterials/InvalidLightmapSettings.uexp" 242
"../../../Engine/Content/EngineMaterials/M_InvalidLightmapSettings.uasset" 243
"../../../Engine/Content/EngineMaterials/M_InvalidLightmapSettings.uexp" 244
"../../../Engine/Content/EngineMaterials/GizmoMaterial.uasset" 245
"../../../Engine/Content/EngineMaterials/GizmoMaterial.uexp" 246
"../../../Engine/Content/EngineMaterials/BaseFlattenEmissiveMap_VT.uasset" 247
"../../../Engine/Content/EngineMaterials/BaseFlattenEmissiveMap_VT.uexp" 248
"../../../Engine/Content/EngineMaterials/BaseFlattenGrayscaleMap_VT.uasset" 249
"../../../Engine/Content/EngineMaterials/BaseFlattenGrayscaleMap_VT.uexp" 250
"../../../Engine/Content/EngineMaterials/BaseFlattenLinearColor_VT.uasset" 251
"../../../Engine/Content/EngineMaterials/BaseFlattenLinearColor_VT.uexp" 252
"../../../Engine/Content/EngineMaterials/Black_1x1_EXR_Texture_VT.uasset" 253
"../../../Engine/Content/EngineMaterials/Black_1x1_EXR_Texture_VT.uexp" 254
"../../../Engine/Content/EngineMaterials/BaseFlattenDiffuseMap_VT.uasset" 255
"../../../Engine/Content/EngineMaterials/BaseFlattenDiffuseMap_VT.uexp" 256
"../../../Engine/Content/EngineMaterials/BaseFlattenNormalMap_VT.uasset" 257
"../../../Engine/Content/EngineMaterials/BaseFlattenNormalMap_VT.uexp" 258
"../../../Engine/Content/EngineMaterials/FlattenMaterial_WS_Normal_VT.uasset" 259
"../../../Engine/Content/EngineMaterials/FlattenMaterial_WS_Normal_VT.uexp" 260
"../../../Engine/Content/EngineMaterials/FlattenMaterial_VT.uasset" 261
"../../../Engine/Content/EngineMaterials/FlattenMaterial_VT.uexp" 262
"../../../Engine/Content/EngineMaterials/BaseFlattenNormalMap.uasset" 263
"../../../Engine/Content/EngineMaterials/BaseFlattenNormalMap.uexp" 264
"../../../Engine/Content/EngineMaterials/BaseFlattenGrayscaleMap.uasset" 265
"../../../Engine/Content/EngineMaterials/BaseFlattenGrayscaleMap.uexp" 266
"../../../Engine/Content/EngineMaterials/BaseFlattenDiffuseMap.uasset" 267
"../../../Engine/Content/EngineMaterials/BaseFlattenDiffuseMap.uexp" 268
"../../../Engine/Content/Functions/Engine_MaterialFunctions02/PivotPainter2/Black_1x1_EXR_Texture.uasset" 269
"../../../Engine/Content/Functions/Engine_MaterialFunctions02/PivotPainter2/Black_1x1_EXR_Texture.uexp" 270
"../../../Engine/Content/EngineMaterials/BaseFlattenEmissiveMap.uasset" 271
"../../../Engine/Content/EngineMaterials/BaseFlattenEmissiveMap.uexp" 272
"../../../Engine/Content/EngineMaterials/BaseFlattenLinearColor.uasset" 273
"../../../Engine/Content/EngineMaterials/BaseFlattenLinearColor.uexp" 274
"../../../Engine/Content/EngineMaterials/FlattenMaterial.uasset" 275
"../../../Engine/Content/EngineMaterials/FlattenMaterial.uexp" 276
"../../../Engine/Content/EngineMaterials/DefaultWhiteGrid_Low.uasset" 277
"../../../Engine/Content/EngineMaterials/DefaultWhiteGrid_Low.uexp" 278
"../../../Engine/Content/EngineMaterials/EmissiveMeshMaterial.uasset" 279
"../../../Engine/Content/EngineMaterials/EmissiveMeshMaterial.uexp" 280
"../../../Engine/Content/EngineFonts/RobotoDistanceField.uasset" 281
"../../../Engine/Content/EngineFonts/RobotoDistanceField.uexp" 282
"../../../Engine/Content/EngineMaterials/DefaultTextMaterialOpaque.uasset" 283
"../../../Engine/Content/EngineMaterials/DefaultTextMaterialOpaque.uexp" 284
"../../../Engine/Content/EngineMaterials/DefaultDiffuse.ubulk" 285
"../../../Engine/Content/EngineMaterials/DefaultDiffuse.uasset" 286
"../../../Engine/Content/EngineMaterials/DefaultDiffuse.uexp" 287
"../../../Engine/Content/Functions/Engine_MaterialFunctions02/Utility/BreakOutFloat2Components.uasset" 288
"../../../Engine/Content/Functions/Engine_MaterialFunctions02/Utility/BreakOutFloat2Components.uexp" 289
"../../../Engine/Content/EngineMaterials/DefaultPostProcessMaterial.uasset" 290
"../../../Engine/Content/EngineMaterials/DefaultPostProcessMaterial.uexp" 291
"../../../Engine/Content/EngineMaterials/DefaultPhysicalMaterial.uasset" 292
"../../../Engine/Content/EngineMaterials/DefaultPhysicalMaterial.uexp" 293
"../../../Engine/Content/EngineMaterials/DefaultLightFunctionMaterial.uasset" 294
"../../../Engine/Content/EngineMaterials/DefaultLightFunctionMaterial.uexp" 295
"../../../Engine/Content/EngineMaterials/DefaultDestructiblePhysicalMaterial.uasset" 296
"../../../Engine/Content/EngineMaterials/DefaultDestructiblePhysicalMaterial.uexp" 297
"../../../Engine/Content/EngineMaterials/DefaultDeferredDecalMaterial.uasset" 298
"../../../Engine/Content/EngineMaterials/DefaultDeferredDecalMaterial.uexp" 299
"../../../Engine/Content/EngineMaterials/DefaultBloomKernel.uasset" 300
"../../../Engine/Content/EngineMaterials/DefaultBloomKernel.uexp" 301
"../../../Engine/Content/EngineResources/FilmGrains/Marcie_Grain_v3_128_M2_000.uasset" 302
"../../../Engine/Content/EngineResources/FilmGrains/Marcie_Grain_v3_128_M2_000.uexp" 303
"../../../Engine/Content/EngineSky/VolumetricClouds/CloudWeatherTexture.uasset" 304
"../../../Engine/Content/EngineSky/VolumetricClouds/CloudWeatherTexture.uexp" 305
"../../../Engine/Content/Functions/Engine_MaterialFunctions02/Utility/MakeFloat2.uasset" 306
"../../../Engine/Content/Functions/Engine_MaterialFunctions02/Utility/MakeFloat2.uexp" 307
"../../../Engine/Content/EngineSky/VolumetricClouds/CloudGradientTexture.uasset" 308
"../../../Engine/Content/EngineSky/VolumetricClouds/CloudGradientTexture.uexp" 309
"../../../Engine/Content/EngineSky/VolumetricClouds/T_NoiseShape64.ubulk" 310
"../../../Engine/Content/EngineSky/VolumetricClouds/T_NoiseShape64.uasset" 311
"../../../Engine/Content/EngineSky/VolumetricClouds/T_NoiseShape64.uexp" 312
"../../../Engine/Content/EngineSky/VolumetricClouds/T_VolumeNoiseShape64.uasset" 313
"../../../Engine/Content/EngineSky/VolumetricClouds/T_VolumeNoiseShape64.uexp" 314
"../../../Engine/Content/EngineSky/VolumetricClouds/T_NoiseErosion.ubulk" 315
"../../../Engine/Content/EngineSky/VolumetricClouds/T_NoiseErosion.uasset" 316
"../../../Engine/Content/EngineSky/VolumetricClouds/T_NoiseErosion.uexp" 317
"../../../Engine/Content/EngineSky/VolumetricClouds/T_VolumeNoiseErosion32.uasset" 318
"../../../Engine/Content/EngineSky/VolumetricClouds/T_VolumeNoiseErosion32.uexp" 319
"../../../Engine/Content/EngineSky/VolumetricClouds/m_SimpleVolumetricCloud.uasset" 320
"../../../Engine/Content/EngineSky/VolumetricClouds/m_SimpleVolumetricCloud.uexp" 321
"../../../Engine/Content/EngineSky/VolumetricClouds/m_SimpleVolumetricCloud_Inst.uasset" 322
"../../../Engine/Content/EngineSky/VolumetricClouds/m_SimpleVolumetricCloud_Inst.uexp" 323
"../../../Engine/Content/EngineSounds/Master.uasset" 324
"../../../Engine/Content/EngineSounds/Master.uexp" 325
"../../../Engine/Content/Functions/Engine_MaterialFunctions01/Shading/PowerToRoughness.uasset" 326
"../../../Engine/Content/Functions/Engine_MaterialFunctions01/Shading/PowerToRoughness.uexp" 327
"../../../Engine/Content/Maps/Templates/HLODs/HLODLayer_Merged.uasset" 328
"../../../Engine/Content/Maps/Templates/HLODs/HLODLayer_Merged.uexp" 329
"../../../Engine/Content/MobileResources/HUD/VirtualJoystick_Background.uasset" 330
"../../../Engine/Content/MobileResources/HUD/VirtualJoystick_Background.uexp" 331
"../../../Engine/Content/MobileResources/HUD/VirtualJoystick_Thumb.uasset" 332
"../../../Engine/Content/MobileResources/HUD/VirtualJoystick_Thumb.uexp" 333
"../../../Engine/Content/MobileResources/HUD/DefaultVirtualJoysticks.uasset" 334
"../../../Engine/Content/MobileResources/HUD/DefaultVirtualJoysticks.uexp" 335
"../../../Engine/Plugins/2D/Paper2D/Content/PlaceholderTextures/DummySpriteTexture.ubulk" 336
"../../../Engine/Plugins/2D/Paper2D/Content/PlaceholderTextures/DummySpriteTexture.uasset" 337
"../../../Engine/Plugins/2D/Paper2D/Content/PlaceholderTextures/DummySpriteTexture.uexp" 338
"../../../Engine/Plugins/2D/Paper2D/Content/DefaultSpriteMaterial.uasset" 339
"../../../Engine/Plugins/2D/Paper2D/Content/DefaultSpriteMaterial.uexp" 340
"../../../Engine/Plugins/2D/Paper2D/Content/OpaqueUnlitSpriteMaterial.uasset" 341
"../../../Engine/Plugins/2D/Paper2D/Content/OpaqueUnlitSpriteMaterial.uexp" 342
"../../../Engine/Plugins/2D/Paper2D/Content/MaskedUnlitSpriteMaterial.uasset" 343
"../../../Engine/Plugins/2D/Paper2D/Content/MaskedUnlitSpriteMaterial.uexp" 344
"../../../Engine/Plugins/2D/Paper2D/Content/DummySprite.uasset" 345
"../../../Engine/Plugins/2D/Paper2D/Content/DummySprite.uexp" 346
"../../../Engine/Plugins/2D/Paper2D/Content/DefaultPaperTerrainMaterial.uasset" 347
"../../../Engine/Plugins/2D/Paper2D/Content/DefaultPaperTerrainMaterial.uexp" 348
"../../../Engine/Plugins/Animation/ControlRig/Content/M_Manip.uasset" 349
"../../../Engine/Plugins/Animation/ControlRig/Content/M_Manip.uexp" 350
"../../../Engine/Plugins/Animation/ControlRig/Content/Controls/DefaultGizmoLibraryNormalized.uasset" 351
"../../../Engine/Plugins/Animation/ControlRig/Content/Controls/DefaultGizmoLibraryNormalized.uexp" 352
"../../../Engine/Plugins/Animation/ControlRig/Content/Controls/ControlRig_Wedge_solid.ubulk" 353
"../../../Engine/Plugins/Animation/ControlRig/Content/Controls/ControlRig_Wedge_solid.uasset" 354
"../../../Engine/Plugins/Animation/ControlRig/Content/Controls/ControlRig_Wedge_solid.uexp" 355
"../../../Engine/Plugins/Animation/ControlRig/Content/Controls/ControlRig_Wedge_3mm.ubulk" 356
"../../../Engine/Plugins/Animation/ControlRig/Content/Controls/ControlRig_Wedge_3mm.uasset" 357
"../../../Engine/Plugins/Animation/ControlRig/Content/Controls/ControlRig_Wedge_3mm.uexp" 358
"../../../Engine/Plugins/Animation/ControlRig/Content/Controls/ControlRig_Wedge_1mm.ubulk" 359
"../../../Engine/Plugins/Animation/ControlRig/Content/Controls/ControlRig_Wedge_1mm.uasset" 360
"../../../Engine/Plugins/Animation/ControlRig/Content/Controls/ControlRig_Wedge_1mm.uexp" 361
"../../../Engine/Plugins/Animation/ControlRig/Content/Controls/ControlRig_Triangle_solid.ubulk" 362
"../../../Engine/Plugins/Animation/ControlRig/Content/Controls/ControlRig_Triangle_solid.uasset" 363
"../../../Engine/Plugins/Animation/ControlRig/Content/Controls/ControlRig_Triangle_solid.uexp" 364
"../../../Engine/Plugins/Animation/ControlRig/Content/Controls/ControlRig_Triangle_3mm.ubulk" 365
"../../../Engine/Plugins/Animation/ControlRig/Content/Controls/ControlRig_Triangle_3mm.uasset" 366
"../../../Engine/Plugins/Animation/ControlRig/Content/Controls/ControlRig_Triangle_3mm.uexp" 367
"../../../Engine/Plugins/Animation/ControlRig/Content/Controls/ControlRig_Triangle_1mm.ubulk" 368
"../../../Engine/Plugins/Animation/ControlRig/Content/Controls/ControlRig_Triangle_1mm.uasset" 369
"../../../Engine/Plugins/Animation/ControlRig/Content/Controls/ControlRig_Triangle_1mm.uexp" 370
"../../../Engine/Plugins/Animation/ControlRig/Content/Controls/ControlRig_Star4_solid.ubulk" 371
"../../../Engine/Plugins/Animation/ControlRig/Content/Controls/ControlRig_Star4_solid.uasset" 372
"../../../Engine/Plugins/Animation/ControlRig/Content/Controls/ControlRig_Star4_solid.uexp" 373
"../../../Engine/Plugins/Animation/ControlRig/Content/Controls/ControlRig_Star4_3mm.ubulk" 374
"../../../Engine/Plugins/Animation/ControlRig/Content/Controls/ControlRig_Star4_3mm.uasset" 375
"../../../Engine/Plugins/Animation/ControlRig/Content/Controls/ControlRig_Star4_3mm.uexp" 376
"../../../Engine/Plugins/Animation/ControlRig/Content/Controls/ControlRig_Star4_1mm.ubulk" 377
"../../../Engine/Plugins/Animation/ControlRig/Content/Controls/ControlRig_Star4_1mm.uasset" 378
"../../../Engine/Plugins/Animation/ControlRig/Content/Controls/ControlRig_Star4_1mm.uexp" 379
"../../../Engine/Plugins/Animation/ControlRig/Content/Controls/ControlRig_Square_solid.ubulk" 380
"../../../Engine/Plugins/Animation/ControlRig/Content/Controls/ControlRig_Square_solid.uasset" 381
"../../../Engine/Plugins/Animation/ControlRig/Content/Controls/ControlRig_Square_solid.uexp" 382
"../../../Engine/Plugins/Animation/ControlRig/Content/Controls/ControlRig_Square_3mm.ubulk" 383
"../../../Engine/Plugins/Animation/ControlRig/Content/Controls/ControlRig_Square_3mm.uasset" 384
"../../../Engine/Plugins/Animation/ControlRig/Content/Controls/ControlRig_Square_3mm.uexp" 385
"../../../Engine/Plugins/Animation/ControlRig/Content/Controls/ControlRig_Square_1mm.ubulk" 386
"../../../Engine/Plugins/Animation/ControlRig/Content/Controls/ControlRig_Square_1mm.uasset" 387
"../../../Engine/Plugins/Animation/ControlRig/Content/Controls/ControlRig_Square_1mm.uexp" 388
"../../../Engine/Plugins/Animation/ControlRig/Content/Controls/ControlRig_Sphere_solid.ubulk" 389
"../../../Engine/Plugins/Animation/ControlRig/Content/Controls/ControlRig_Sphere_solid.uasset" 390
"../../../Engine/Plugins/Animation/ControlRig/Content/Controls/ControlRig_Sphere_solid.uexp" 391
"../../../Engine/Plugins/Animation/ControlRig/Content/Controls/ControlRig_Sphere_3mm.ubulk" 392
"../../../Engine/Plugins/Animation/ControlRig/Content/Controls/ControlRig_Sphere_3mm.uasset" 393
"../../../Engine/Plugins/Animation/ControlRig/Content/Controls/ControlRig_Sphere_3mm.uexp" 394
"../../../Engine/Plugins/Animation/ControlRig/Content/Controls/ControlRig_Sphere_1mm.ubulk" 395
"../../../Engine/Plugins/Animation/ControlRig/Content/Controls/ControlRig_Sphere_1mm.uasset" 396
"../../../Engine/Plugins/Animation/ControlRig/Content/Controls/ControlRig_Sphere_1mm.uexp" 397
"../../../Engine/Plugins/Animation/ControlRig/Content/Controls/ControlRig_RoundedTriangle_solid.ubulk" 398
"../../../Engine/Plugins/Animation/ControlRig/Content/Controls/ControlRig_RoundedTriangle_solid.uasset" 399
"../../../Engine/Plugins/Animation/ControlRig/Content/Controls/ControlRig_RoundedTriangle_solid.uexp" 400
"../../../Engine/Plugins/Animation/ControlRig/Content/Controls/ControlRig_RoundedTriangle_3mm.ubulk" 401
"../../../Engine/Plugins/Animation/ControlRig/Content/Controls/ControlRig_RoundedTriangle_3mm.uasset" 402
"../../../Engine/Plugins/Animation/ControlRig/Content/Controls/ControlRig_RoundedTriangle_3mm.uexp" 403
"../../../Engine/Plugins/Animation/ControlRig/Content/Controls/ControlRig_RoundedTriangle_1mm.ubulk" 404
"../../../Engine/Plugins/Animation/ControlRig/Content/Controls/ControlRig_RoundedTriangle_1mm.uasset" 405
"../../../Engine/Plugins/Animation/ControlRig/Content/Controls/ControlRig_RoundedTriangle_1mm.uexp" 406
"../../../Engine/Plugins/Animation/ControlRig/Content/Controls/ControlRig_RoundedSquare_solid.ubulk" 407
"../../../Engine/Plugins/Animation/ControlRig/Content/Controls/ControlRig_RoundedSquare_solid.uasset" 408
"../../../Engine/Plugins/Animation/ControlRig/Content/Controls/ControlRig_RoundedSquare_solid.uexp" 409
"../../../Engine/Plugins/Animation/ControlRig/Content/Controls/ControlRig_RoundedSquare_3mm.ubulk" 410
"../../../Engine/Plugins/Animation/ControlRig/Content/Controls/ControlRig_RoundedSquare_3mm.uasset" 411
"../../../Engine/Plugins/Animation/ControlRig/Content/Controls/ControlRig_RoundedSquare_3mm.uexp" 412
"../../../Engine/Plugins/Animation/ControlRig/Content/Controls/ControlRig_RoundedSquare_1mm.ubulk" 413
"../../../Engine/Plugins/Animation/ControlRig/Content/Controls/ControlRig_RoundedSquare_1mm.uasset" 414
"../../../Engine/Plugins/Animation/ControlRig/Content/Controls/ControlRig_RoundedSquare_1mm.uexp" 415
"../../../Engine/Plugins/Animation/ControlRig/Content/Controls/ControlRig_QuarterCircle_solid.ubulk" 416
"../../../Engine/Plugins/Animation/ControlRig/Content/Controls/ControlRig_QuarterCircle_solid.uasset" 417
"../../../Engine/Plugins/Animation/ControlRig/Content/Controls/ControlRig_QuarterCircle_solid.uexp" 418
"../../../Engine/Plugins/Animation/ControlRig/Content/Controls/ControlRig_QuarterCircle_3mm.ubulk" 419
"../../../Engine/Plugins/Animation/ControlRig/Content/Controls/ControlRig_QuarterCircle_3mm.uasset" 420
"../../../Engine/Plugins/Animation/ControlRig/Content/Controls/ControlRig_QuarterCircle_3mm.uexp" 421
"../../../Engine/Plugins/Animation/ControlRig/Content/Controls/ControlRig_QuarterCircle_1mm.ubulk" 422
"../../../Engine/Plugins/Animation/ControlRig/Content/Controls/ControlRig_QuarterCircle_1mm.uasset" 423
"../../../Engine/Plugins/Animation/ControlRig/Content/Controls/ControlRig_QuarterCircle_1mm.uexp" 424
"../../../Engine/Plugins/Animation/ControlRig/Content/Controls/ControlRig_Pyramid_solid.ubulk" 425
"../../../Engine/Plugins/Animation/ControlRig/Content/Controls/ControlRig_Pyramid_solid.uasset" 426
"../../../Engine/Plugins/Animation/ControlRig/Content/Controls/ControlRig_Pyramid_solid.uexp" 427
"../../../Engine/Plugins/Animation/ControlRig/Content/Controls/ControlRig_Pyramid_3mm.ubulk" 428
"../../../Engine/Plugins/Animation/ControlRig/Content/Controls/ControlRig_Pyramid_3mm.uasset" 429
"../../../Engine/Plugins/Animation/ControlRig/Content/Controls/ControlRig_Pyramid_3mm.uexp" 430
"../../../Engine/Plugins/Animation/ControlRig/Content/Controls/ControlRig_Pyramid_1mm.ubulk" 431
"../../../Engine/Plugins/Animation/ControlRig/Content/Controls/ControlRig_Pyramid_1mm.uasset" 432
"../../../Engine/Plugins/Animation/ControlRig/Content/Controls/ControlRig_Pyramid_1mm.uexp" 433
"../../../Engine/Plugins/Animation/ControlRig/Content/Controls/ControlRig_Octagon_solid.ubulk" 434
"../../../Engine/Plugins/Animation/ControlRig/Content/Controls/ControlRig_Octagon_solid.uasset" 435
"../../../Engine/Plugins/Animation/ControlRig/Content/Controls/ControlRig_Octagon_solid.uexp" 436
"../../../Engine/Plugins/Animation/ControlRig/Content/Controls/ControlRig_Octagon_3mm.ubulk" 437
"../../../Engine/Plugins/Animation/ControlRig/Content/Controls/ControlRig_Octagon_3mm.uasset" 438
"../../../Engine/Plugins/Animation/ControlRig/Content/Controls/ControlRig_Octagon_3mm.uexp" 439
"../../../Engine/Plugins/Animation/ControlRig/Content/Controls/ControlRig_Octagon_1mm.ubulk" 440
"../../../Engine/Plugins/Animation/ControlRig/Content/Controls/ControlRig_Octagon_1mm.uasset" 441
"../../../Engine/Plugins/Animation/ControlRig/Content/Controls/ControlRig_Octagon_1mm.uexp" 442
"../../../Engine/Plugins/Animation/ControlRig/Content/Controls/ControlRig_Hexagon_solid.ubulk" 443
"../../../Engine/Plugins/Animation/ControlRig/Content/Controls/ControlRig_Hexagon_solid.uasset" 444
"../../../Engine/Plugins/Animation/ControlRig/Content/Controls/ControlRig_Hexagon_solid.uexp" 445
"../../../Engine/Plugins/Animation/ControlRig/Content/Controls/ControlRig_Hexagon_3mm.ubulk" 446
"../../../Engine/Plugins/Animation/ControlRig/Content/Controls/ControlRig_Hexagon_3mm.uasset" 447
"../../../Engine/Plugins/Animation/ControlRig/Content/Controls/ControlRig_Hexagon_3mm.uexp" 448
"../../../Engine/Plugins/Animation/ControlRig/Content/Controls/ControlRig_Hexagon_1mm.ubulk" 449
"../../../Engine/Plugins/Animation/ControlRig/Content/Controls/ControlRig_Hexagon_1mm.uasset" 450
"../../../Engine/Plugins/Animation/ControlRig/Content/Controls/ControlRig_Hexagon_1mm.uexp" 451
"../../../Engine/Plugins/Animation/ControlRig/Content/Controls/ControlRig_HalfCircle_solid.ubulk" 452
"../../../Engine/Plugins/Animation/ControlRig/Content/Controls/ControlRig_HalfCircle_solid.uasset" 453
"../../../Engine/Plugins/Animation/ControlRig/Content/Controls/ControlRig_HalfCircle_solid.uexp" 454
"../../../Engine/Plugins/Animation/ControlRig/Content/Controls/ControlRig_HalfCircle_3mm.ubulk" 455
"../../../Engine/Plugins/Animation/ControlRig/Content/Controls/ControlRig_HalfCircle_3mm.uasset" 456
"../../../Engine/Plugins/Animation/ControlRig/Content/Controls/ControlRig_HalfCircle_3mm.uexp" 457
"../../../Engine/Plugins/Animation/ControlRig/Content/Controls/ControlRig_HalfCircle_1mm.ubulk" 458
"../../../Engine/Plugins/Animation/ControlRig/Content/Controls/ControlRig_HalfCircle_1mm.uasset" 459
"../../../Engine/Plugins/Animation/ControlRig/Content/Controls/ControlRig_HalfCircle_1mm.uexp" 460
"../../../Engine/Plugins/Animation/ControlRig/Content/Controls/ControlRig_Diamond_solid.ubulk" 461
"../../../Engine/Plugins/Animation/ControlRig/Content/Controls/ControlRig_Diamond_solid.uasset" 462
"../../../Engine/Plugins/Animation/ControlRig/Content/Controls/ControlRig_Diamond_solid.uexp" 463
"../../../Engine/Plugins/Animation/ControlRig/Content/Controls/ControlRig_Diamond_3mm.ubulk" 464
"../../../Engine/Plugins/Animation/ControlRig/Content/Controls/ControlRig_Diamond_3mm.uasset" 465
"../../../Engine/Plugins/Animation/ControlRig/Content/Controls/ControlRig_Diamond_3mm.uexp" 466
"../../../Engine/Plugins/Animation/ControlRig/Content/Controls/ControlRig_Diamond_1mm.ubulk" 467
"../../../Engine/Plugins/Animation/ControlRig/Content/Controls/ControlRig_Diamond_1mm.uasset" 468
"../../../Engine/Plugins/Animation/ControlRig/Content/Controls/ControlRig_Diamond_1mm.uexp" 469
"../../../Engine/Plugins/Animation/ControlRig/Content/Controls/ControlRig_Circle_solid.ubulk" 470
"../../../Engine/Plugins/Animation/ControlRig/Content/Controls/ControlRig_Circle_solid.uasset" 471
"../../../Engine/Plugins/Animation/ControlRig/Content/Controls/ControlRig_Circle_solid.uexp" 472
"../../../Engine/Plugins/Animation/ControlRig/Content/Controls/ControlRig_Circle_3mm.ubulk" 473
"../../../Engine/Plugins/Animation/ControlRig/Content/Controls/ControlRig_Circle_3mm.uasset" 474
"../../../Engine/Plugins/Animation/ControlRig/Content/Controls/ControlRig_Circle_3mm.uexp" 475
"../../../Engine/Plugins/Animation/ControlRig/Content/Controls/ControlRig_Circle_1mm.ubulk" 476
"../../../Engine/Plugins/Animation/ControlRig/Content/Controls/ControlRig_Circle_1mm.uasset" 477
"../../../Engine/Plugins/Animation/ControlRig/Content/Controls/ControlRig_Circle_1mm.uexp" 478
"../../../Engine/Plugins/Animation/ControlRig/Content/Controls/ControlRig_Box_solid.ubulk" 479
"../../../Engine/Plugins/Animation/ControlRig/Content/Controls/ControlRig_Box_solid.uasset" 480
"../../../Engine/Plugins/Animation/ControlRig/Content/Controls/ControlRig_Box_solid.uexp" 481
"../../../Engine/Plugins/Animation/ControlRig/Content/Controls/ControlRig_Box_3mm.ubulk" 482
"../../../Engine/Plugins/Animation/ControlRig/Content/Controls/ControlRig_Box_3mm.uasset" 483
"../../../Engine/Plugins/Animation/ControlRig/Content/Controls/ControlRig_Box_3mm.uexp" 484
"../../../Engine/Plugins/Animation/ControlRig/Content/Controls/ControlRig_Box_1mm.ubulk" 485
"../../../Engine/Plugins/Animation/ControlRig/Content/Controls/ControlRig_Box_1mm.uasset" 486
"../../../Engine/Plugins/Animation/ControlRig/Content/Controls/ControlRig_Box_1mm.uexp" 487
"../../../Engine/Plugins/Animation/ControlRig/Content/Controls/ControlRig_Arrow_solid.ubulk" 488
"../../../Engine/Plugins/Animation/ControlRig/Content/Controls/ControlRig_Arrow_solid.uasset" 489
"../../../Engine/Plugins/Animation/ControlRig/Content/Controls/ControlRig_Arrow_solid.uexp" 490
"../../../Engine/Plugins/Animation/ControlRig/Content/Controls/ControlRig_Arrow_3mm.ubulk" 491
"../../../Engine/Plugins/Animation/ControlRig/Content/Controls/ControlRig_Arrow_3mm.uasset" 492
"../../../Engine/Plugins/Animation/ControlRig/Content/Controls/ControlRig_Arrow_3mm.uexp" 493
"../../../Engine/Plugins/Animation/ControlRig/Content/Controls/ControlRig_Arrow_1mm.ubulk" 494
"../../../Engine/Plugins/Animation/ControlRig/Content/Controls/ControlRig_Arrow_1mm.uasset" 495
"../../../Engine/Plugins/Animation/ControlRig/Content/Controls/ControlRig_Arrow_1mm.uexp" 496
"../../../Engine/Plugins/Animation/ControlRig/Content/Controls/ControlRig_Arrow4_solid.ubulk" 497
"../../../Engine/Plugins/Animation/ControlRig/Content/Controls/ControlRig_Arrow4_solid.uasset" 498
"../../../Engine/Plugins/Animation/ControlRig/Content/Controls/ControlRig_Arrow4_solid.uexp" 499
"../../../Engine/Plugins/Animation/ControlRig/Content/Controls/ControlRig_Arrow4_3mm.ubulk" 500
"../../../Engine/Plugins/Animation/ControlRig/Content/Controls/ControlRig_Arrow4_3mm.uasset" 501
"../../../Engine/Plugins/Animation/ControlRig/Content/Controls/ControlRig_Arrow4_3mm.uexp" 502
"../../../Engine/Plugins/Animation/ControlRig/Content/Controls/ControlRig_Arrow4_1mm.ubulk" 503
"../../../Engine/Plugins/Animation/ControlRig/Content/Controls/ControlRig_Arrow4_1mm.uasset" 504
"../../../Engine/Plugins/Animation/ControlRig/Content/Controls/ControlRig_Arrow4_1mm.uexp" 505
"../../../Engine/Plugins/Animation/ControlRig/Content/Controls/ControlRig_Arrow2_solid.ubulk" 506
"../../../Engine/Plugins/Animation/ControlRig/Content/Controls/ControlRig_Arrow2_solid.uasset" 507
"../../../Engine/Plugins/Animation/ControlRig/Content/Controls/ControlRig_Arrow2_solid.uexp" 508
"../../../Engine/Plugins/Animation/ControlRig/Content/Controls/ControlRig_Arrow2_3mm.ubulk" 509
"../../../Engine/Plugins/Animation/ControlRig/Content/Controls/ControlRig_Arrow2_3mm.uasset" 510
"../../../Engine/Plugins/Animation/ControlRig/Content/Controls/ControlRig_Arrow2_3mm.uexp" 511
"../../../Engine/Plugins/Animation/ControlRig/Content/Controls/ControlRig_Arrow2_1mm.ubulk" 512
"../../../Engine/Plugins/Animation/ControlRig/Content/Controls/ControlRig_Arrow2_1mm.uasset" 513
"../../../Engine/Plugins/Animation/ControlRig/Content/Controls/ControlRig_Arrow2_1mm.uexp" 514
"../../../Engine/Plugins/Animation/ControlRig/Content/Controls/ControlRigXRayMaterial.uasset" 515
"../../../Engine/Plugins/Animation/ControlRig/Content/Controls/ControlRigXRayMaterial.uexp" 516
"../../../Engine/Plugins/Animation/ControlRig/Content/Controls/ControlRigGizmoMaterial.uasset" 517
"../../../Engine/Plugins/Animation/ControlRig/Content/Controls/ControlRigGizmoMaterial.uexp" 518
"../../../Engine/Plugins/Editor/SpeedTreeImporter/Content/SpeedTree9/game_wind_noise.ubulk" 519
"../../../Engine/Plugins/Editor/SpeedTreeImporter/Content/SpeedTree9/game_wind_noise.uasset" 520
"../../../Engine/Plugins/Editor/SpeedTreeImporter/Content/SpeedTree9/game_wind_noise.uexp" 521
"../../../Engine/Plugins/Editor/SpeedTreeImporter/Content/SpeedTree9/UnpackDirection.uasset" 522
"../../../Engine/Plugins/Editor/SpeedTreeImporter/Content/SpeedTree9/UnpackDirection.uexp" 523
"../../../Engine/Content/Functions/Engine_MaterialFunctions02/ObjectLocalBounds.uasset" 524
"../../../Engine/Content/Functions/Engine_MaterialFunctions02/ObjectLocalBounds.uexp" 525
"../../../Engine/Content/Functions/Engine_MaterialFunctions02/UVs/BoundingBoxBased_0-1_UVW.uasset" 526
"../../../Engine/Content/Functions/Engine_MaterialFunctions02/UVs/BoundingBoxBased_0-1_UVW.uexp" 527
"../../../Engine/Content/Functions/Engine_MaterialFunctions02/Utility/VectorLength.uasset" 528
"../../../Engine/Content/Functions/Engine_MaterialFunctions02/Utility/VectorLength.uexp" 529
"../../../Engine/Plugins/Editor/SpeedTreeImporter/Content/SpeedTree9/UnpackInteger3.uasset" 530
"../../../Engine/Plugins/Editor/SpeedTreeImporter/Content/SpeedTree9/UnpackInteger3.uexp" 531
"../../../Engine/Plugins/Editor/SpeedTreeImporter/Content/SpeedTree9/SpeedTreeCameraFacing.uasset" 532
"../../../Engine/Plugins/Editor/SpeedTreeImporter/Content/SpeedTree9/SpeedTreeCameraFacing.uexp" 533
"../../../Engine/Content/Functions/Engine_MaterialFunctions02/WorldPositionOffset/ObjectScale.uasset" 534
"../../../Engine/Content/Functions/Engine_MaterialFunctions02/WorldPositionOffset/ObjectScale.uexp" 535
"../../../Engine/Content/Functions/Engine_MaterialFunctions02/SafeNormalize.uasset" 536
"../../../Engine/Content/Functions/Engine_MaterialFunctions02/SafeNormalize.uexp" 537
"../../../Engine/Plugins/Editor/SpeedTreeImporter/Content/SpeedTree9/SpeedTreeWindMotion.uasset" 538
"../../../Engine/Plugins/Editor/SpeedTreeImporter/Content/SpeedTree9/SpeedTreeWindMotion.uexp" 539
"../../../Engine/Plugins/Editor/SpeedTreeImporter/Content/SpeedTree9/SpeedTreeBranchMotion.uasset" 540
"../../../Engine/Plugins/Editor/SpeedTreeImporter/Content/SpeedTree9/SpeedTreeBranchMotion.uexp" 541
"../../../Engine/Plugins/Editor/SpeedTreeImporter/Content/SpeedTree9/SpeedTreeWind.uasset" 542
"../../../Engine/Plugins/Editor/SpeedTreeImporter/Content/SpeedTree9/SpeedTreeWind.uexp" 543
"../../../Engine/Plugins/Editor/SpeedTreeImporter/Content/SpeedTree9/EmptyNormal.uasset" 544
"../../../Engine/Plugins/Editor/SpeedTreeImporter/Content/SpeedTree9/EmptyNormal.uexp" 545
"../../../Engine/Plugins/Editor/SpeedTreeImporter/Content/SpeedTree9/Empty.uasset" 546
"../../../Engine/Plugins/Editor/SpeedTreeImporter/Content/SpeedTree9/Empty.uexp" 547
"../../../Engine/Plugins/Editor/SpeedTreeImporter/Content/SpeedTree9/SpeedTreeMaster.uasset" 548
"../../../Engine/Plugins/Editor/SpeedTreeImporter/Content/SpeedTree9/SpeedTreeMaster.uexp" 549
"../../../Engine/Plugins/Editor/SpeedTreeImporter/Content/SpeedTree9/SpeedTreeBillboard.uasset" 550
"../../../Engine/Plugins/Editor/SpeedTreeImporter/Content/SpeedTree9/SpeedTreeBillboard.uexp" 551
"../../../Engine/Plugins/Editor/SpeedTreeImporter/Content/SpeedTree9/SpeedTreeBillboardMaster.uasset" 552
"../../../Engine/Plugins/Editor/SpeedTreeImporter/Content/SpeedTree9/SpeedTreeBillboardMaster.uexp" 553
"../../../Engine/Content/Functions/Engine_MaterialFunctions02/Texturing/CustomRotator.uasset" 554
"../../../Engine/Content/Functions/Engine_MaterialFunctions02/Texturing/CustomRotator.uexp" 555
"../../../Engine/Content/Functions/Engine_MaterialFunctions02/Texturing/ScreenAlignedPixelToPixelUVs.uasset" 556
"../../../Engine/Content/Functions/Engine_MaterialFunctions02/Texturing/ScreenAlignedPixelToPixelUVs.uexp" 557
"../../../Engine/Plugins/Interchange/Runtime/Content/Utilities/T_Bayer64_Grayscale_64px.uasset" 558
"../../../Engine/Plugins/Interchange/Runtime/Content/Utilities/T_Bayer64_Grayscale_64px.uexp" 559
"../../../Engine/Plugins/Interchange/Runtime/Content/gltf/MaterialFunctions/MF_Temporal_Blur.uasset" 560
"../../../Engine/Plugins/Interchange/Runtime/Content/gltf/MaterialFunctions/MF_Temporal_Blur.uexp" 561
"../../../Engine/Plugins/Interchange/Runtime/Content/gltf/MaterialFunctions/MF_Fresnel_DS.uasset" 562
"../../../Engine/Plugins/Interchange/Runtime/Content/gltf/MaterialFunctions/MF_Fresnel_DS.uexp" 563
"../../../Engine/Plugins/Interchange/Runtime/Content/Functions/MX_Transmission.uasset" 564
"../../../Engine/Plugins/Interchange/Runtime/Content/Functions/MX_Transmission.uexp" 565
"../../../Engine/Plugins/Interchange/Runtime/Content/Functions/MF_OrenNayerView.uasset" 566
"../../../Engine/Plugins/Interchange/Runtime/Content/Functions/MF_OrenNayerView.uexp" 567
"../../../Engine/Plugins/Interchange/Runtime/Content/Functions/MF_SchlickApprox.uasset" 568
"../../../Engine/Plugins/Interchange/Runtime/Content/Functions/MF_SchlickApprox.uexp" 569
"../../../Engine/Plugins/Interchange/Runtime/Content/Utilities/New_LUT.uasset" 570
"../../../Engine/Plugins/Interchange/Runtime/Content/Utilities/New_LUT.uexp" 571
"../../../Engine/Content/Functions/Engine_MaterialFunctions03/Math/RemapValueRange.uasset" 572
"../../../Engine/Content/Functions/Engine_MaterialFunctions03/Math/RemapValueRange.uexp" 573
"../../../Engine/Plugins/Interchange/Runtime/Content/Functions/MF_Iridescence.uasset" 574
"../../../Engine/Plugins/Interchange/Runtime/Content/Functions/MF_Iridescence.uexp" 575
"../../../Engine/Plugins/Interchange/Runtime/Content/Functions/MX_StandardSurface.uasset" 576
"../../../Engine/Plugins/Interchange/Runtime/Content/Functions/MX_StandardSurface.uexp" 577
"../../../Engine/Plugins/Interchange/Runtime/Content/Functions/MX_TransmissionSurface.uasset" 578
"../../../Engine/Plugins/Interchange/Runtime/Content/Functions/MX_TransmissionSurface.uexp" 579
"../../../Engine/Content/Functions/Engine_MaterialFunctions02/Math/AddComponents.uasset" 580
"../../../Engine/Content/Functions/Engine_MaterialFunctions02/Math/AddComponents.uexp" 581
"../../../Engine/Content/Functions/Engine_MaterialFunctions02/WorldPositionOffset/V2/ObjectScale.uasset" 582
"../../../Engine/Content/Functions/Engine_MaterialFunctions02/WorldPositionOffset/V2/ObjectScale.uexp" 583
"../../../Engine/Plugins/Interchange/Runtime/Content/gltf/MaterialFunctions/MF_TransmissionOpacity.uasset" 584
"../../../Engine/Plugins/Interchange/Runtime/Content/gltf/MaterialFunctions/MF_TransmissionOpacity.uexp" 585
"../../../Engine/Plugins/Interchange/Runtime/Content/gltf/MaterialFunctions/MF_RotateV2.uasset" 586
"../../../Engine/Plugins/Interchange/Runtime/Content/gltf/MaterialFunctions/MF_RotateV2.uexp" 587
"../../../Engine/Plugins/Interchange/Runtime/Content/gltf/MaterialFunctions/MF_TransformUVs.uasset" 588
"../../../Engine/Plugins/Interchange/Runtime/Content/gltf/MaterialFunctions/MF_TransformUVs.uexp" 589
"../../../Engine/Plugins/Interchange/Runtime/Content/gltf/Textures/T_White_srgb.uasset" 590
"../../../Engine/Plugins/Interchange/Runtime/Content/gltf/Textures/T_White_srgb.uexp" 591
"../../../Engine/Plugins/Interchange/Runtime/Content/gltf/MaterialFunctions/MF_BaseColor.uasset" 592
"../../../Engine/Plugins/Interchange/Runtime/Content/gltf/MaterialFunctions/MF_BaseColor.uexp" 593
"../../../Engine/Plugins/Interchange/Runtime/Content/gltf/MaterialFunctions/MF_DiffuseSpecGloss.uasset" 594
"../../../Engine/Plugins/Interchange/Runtime/Content/gltf/MaterialFunctions/MF_DiffuseSpecGloss.uexp" 595
"../../../Engine/Plugins/Interchange/Runtime/Content/gltf/Textures/T_White_Linear.uasset" 596
"../../../Engine/Plugins/Interchange/Runtime/Content/gltf/Textures/T_White_Linear.uexp" 597
"../../../Engine/Plugins/Interchange/Runtime/Content/gltf/MaterialFunctions/MF_MetallicRoughness.uasset" 598
"../../../Engine/Plugins/Interchange/Runtime/Content/gltf/MaterialFunctions/MF_MetallicRoughness.uexp" 599
"../../../Engine/Plugins/Interchange/Runtime/Content/gltf/MaterialFunctions/MF_Transmission.uasset" 600
"../../../Engine/Plugins/Interchange/Runtime/Content/gltf/MaterialFunctions/MF_Transmission.uexp" 601
"../../../Engine/Plugins/Interchange/Runtime/Content/gltf/MaterialFunctions/MF_Occlusion.uasset" 602
"../../../Engine/Plugins/Interchange/Runtime/Content/gltf/MaterialFunctions/MF_Occlusion.uexp" 603
"../../../Engine/Plugins/Interchange/Runtime/Content/gltf/MaterialFunctions/MF_Specular.uasset" 604
"../../../Engine/Plugins/Interchange/Runtime/Content/gltf/MaterialFunctions/MF_Specular.uexp" 605
"../../../Engine/Plugins/Interchange/Runtime/Content/gltf/MaterialFunctions/MF_IOR.uasset" 606
"../../../Engine/Plugins/Interchange/Runtime/Content/gltf/MaterialFunctions/MF_IOR.uexp" 607
"../../../Engine/Content/Functions/Engine_MaterialFunctions01/Texturing/FlattenNormal.uasset" 608
"../../../Engine/Content/Functions/Engine_MaterialFunctions01/Texturing/FlattenNormal.uexp" 609
"../../../Engine/Content/Functions/Engine_MaterialFunctions02/Math/Transform3x3Matrix.uasset" 610
"../../../Engine/Content/Functions/Engine_MaterialFunctions02/Math/Transform3x3Matrix.uexp" 611
"../../../Engine/Plugins/Interchange/Runtime/Content/gltf/MaterialFunctions/MF_RotateNormals_TS.uasset" 612
"../../../Engine/Plugins/Interchange/Runtime/Content/gltf/MaterialFunctions/MF_RotateNormals_TS.uexp" 613
"../../../Engine/Plugins/Interchange/Runtime/Content/gltf/Textures/T_Generic_N.uasset" 614
"../../../Engine/Plugins/Interchange/Runtime/Content/gltf/Textures/T_Generic_N.uexp" 615
"../../../Engine/Plugins/Interchange/Runtime/Content/gltf/MaterialFunctions/MF_Normals.uasset" 616
"../../../Engine/Plugins/Interchange/Runtime/Content/gltf/MaterialFunctions/MF_Normals.uexp" 617
"../../../Engine/Plugins/Interchange/Runtime/Content/gltf/MaterialFunctions/MF_PerceivedBrightness.uasset" 618
"../../../Engine/Plugins/Interchange/Runtime/Content/gltf/MaterialFunctions/MF_PerceivedBrightness.uexp" 619
"../../../Engine/Plugins/Interchange/Runtime/Content/gltf/MaterialFunctions/MF_SpecGlossToMetalRoughness.uasset" 620
"../../../Engine/Plugins/Interchange/Runtime/Content/gltf/MaterialFunctions/MF_SpecGlossToMetalRoughness.uexp" 621
"../../../Engine/Plugins/Interchange/Runtime/Content/gltf/M_Transmission.uasset" 622
"../../../Engine/Plugins/Interchange/Runtime/Content/gltf/M_Transmission.uexp" 623
"../../../Engine/Plugins/Interchange/Runtime/Content/gltf/MaterialInstances_MR/MI_Transmission_TS.uasset" 624
"../../../Engine/Plugins/Interchange/Runtime/Content/gltf/MaterialInstances_MR/MI_Transmission_TS.uexp" 625
"../../../Engine/Plugins/Interchange/Runtime/Content/gltf/MaterialInstances_MR/MI_Transmission.uasset" 626
"../../../Engine/Plugins/Interchange/Runtime/Content/gltf/MaterialInstances_MR/MI_Transmission.uexp" 627
"../../../Engine/Plugins/Interchange/Runtime/Content/gltf/MaterialFunctions/MF_Clearcoat.uasset" 628
"../../../Engine/Plugins/Interchange/Runtime/Content/gltf/MaterialFunctions/MF_Clearcoat.uexp" 629
"../../../Engine/Plugins/Interchange/Runtime/Content/gltf/MaterialFunctions/MF_Emissive.uasset" 630
"../../../Engine/Plugins/Interchange/Runtime/Content/gltf/MaterialFunctions/MF_Emissive.uexp" 631
"../../../Engine/Plugins/Interchange/Runtime/Content/gltf/M_Translucent.uasset" 632
"../../../Engine/Plugins/Interchange/Runtime/Content/gltf/M_Translucent.uexp" 633
"../../../Engine/Plugins/Interchange/Runtime/Content/gltf/MaterialInstances_MR/MI_Translucent_TS.uasset" 634
"../../../Engine/Plugins/Interchange/Runtime/Content/gltf/MaterialInstances_MR/MI_Translucent_TS.uexp" 635
"../../../Engine/Plugins/Interchange/Runtime/Content/gltf/MaterialInstances_MR/MI_Translucent_ClearCoat_TS.uasset" 636
"../../../Engine/Plugins/Interchange/Runtime/Content/gltf/MaterialInstances_MR/MI_Translucent_ClearCoat_TS.uexp" 637
"../../../Engine/Plugins/Interchange/Runtime/Content/gltf/MaterialInstances_MR/MI_Translucent_ClearCoat.uasset" 638
"../../../Engine/Plugins/Interchange/Runtime/Content/gltf/MaterialInstances_MR/MI_Translucent_ClearCoat.uexp" 639
"../../../Engine/Plugins/Interchange/Runtime/Content/gltf/MaterialInstances_MR/MI_Translucent.uasset" 640
"../../../Engine/Plugins/Interchange/Runtime/Content/gltf/MaterialInstances_MR/MI_Translucent.uexp" 641
"../../../Engine/Plugins/Interchange/Runtime/Content/gltf/M_Unlit.uasset" 642
"../../../Engine/Plugins/Interchange/Runtime/Content/gltf/M_Unlit.uexp" 643
"../../../Engine/Plugins/Interchange/Runtime/Content/gltf/MaterialInstances_MR/MI_Opaque_Unlit_TS.uasset" 644
"../../../Engine/Plugins/Interchange/Runtime/Content/gltf/MaterialInstances_MR/MI_Opaque_Unlit_TS.uexp" 645
"../../../Engine/Plugins/Interchange/Runtime/Content/gltf/MaterialInstances_MR/MI_Opaque_Unlit.uasset" 646
"../../../Engine/Plugins/Interchange/Runtime/Content/gltf/MaterialInstances_MR/MI_Opaque_Unlit.uexp" 647
"../../../Engine/Plugins/Interchange/Runtime/Content/gltf/M_Opaque.uasset" 648
"../../../Engine/Plugins/Interchange/Runtime/Content/gltf/M_Opaque.uexp" 649
"../../../Engine/Plugins/Interchange/Runtime/Content/gltf/MaterialInstances_MR/MI_Opaque_TS.uasset" 650
"../../../Engine/Plugins/Interchange/Runtime/Content/gltf/MaterialInstances_MR/MI_Opaque_TS.uexp" 651
"../../../Engine/Plugins/Interchange/Runtime/Content/gltf/MaterialFunctions/MF_Sheen.uasset" 652
"../../../Engine/Plugins/Interchange/Runtime/Content/gltf/MaterialFunctions/MF_Sheen.uexp" 653
"../../../Engine/Content/Functions/Engine_MaterialFunctions01/Shading/FuzzyShading.uasset" 654
"../../../Engine/Content/Functions/Engine_MaterialFunctions01/Shading/FuzzyShading.uexp" 655
"../../../Engine/Plugins/Interchange/Runtime/Content/gltf/M_Sheen.uasset" 656
"../../../Engine/Plugins/Interchange/Runtime/Content/gltf/M_Sheen.uexp" 657
"../../../Engine/Plugins/Interchange/Runtime/Content/gltf/MaterialInstances_MR/MI_Opaque_Sheen_TS.uasset" 658
"../../../Engine/Plugins/Interchange/Runtime/Content/gltf/MaterialInstances_MR/MI_Opaque_Sheen_TS.uexp" 659
"../../../Engine/Plugins/Interchange/Runtime/Content/gltf/MaterialInstances_MR/MI_Opaque_Sheen.uasset" 660
"../../../Engine/Plugins/Interchange/Runtime/Content/gltf/MaterialInstances_MR/MI_Opaque_Sheen.uexp" 661
"../../../Engine/Plugins/Interchange/Runtime/Content/gltf/MaterialInstances_MR/MI_Opaque_ClearCoat_TS.uasset" 662
"../../../Engine/Plugins/Interchange/Runtime/Content/gltf/MaterialInstances_MR/MI_Opaque_ClearCoat_TS.uexp" 663
"../../../Engine/Plugins/Interchange/Runtime/Content/gltf/MaterialInstances_MR/MI_Opaque_ClearCoat.uasset" 664
"../../../Engine/Plugins/Interchange/Runtime/Content/gltf/MaterialInstances_MR/MI_Opaque_ClearCoat.uexp" 665
"../../../Engine/Plugins/Interchange/Runtime/Content/gltf/MaterialInstances_MR/MI_Opaque.uasset" 666
"../../../Engine/Plugins/Interchange/Runtime/Content/gltf/MaterialInstances_MR/MI_Opaque.uexp" 667
"../../../Engine/Plugins/Interchange/Runtime/Content/gltf/MaterialInstances_SG/MI_Transmission_TS.uasset" 668
"../../../Engine/Plugins/Interchange/Runtime/Content/gltf/MaterialInstances_SG/MI_Transmission_TS.uexp" 669
"../../../Engine/Plugins/Interchange/Runtime/Content/gltf/MaterialInstances_SG/MI_Transmission.uasset" 670
"../../../Engine/Plugins/Interchange/Runtime/Content/gltf/MaterialInstances_SG/MI_Transmission.uexp" 671
"../../../Engine/Plugins/Interchange/Runtime/Content/gltf/MaterialInstances_SG/MI_Translucent_TS.uasset" 672
"../../../Engine/Plugins/Interchange/Runtime/Content/gltf/MaterialInstances_SG/MI_Translucent_TS.uexp" 673
"../../../Engine/Plugins/Interchange/Runtime/Content/gltf/MaterialInstances_SG/MI_Translucent_ClearCoat_TS.uasset" 674
"../../../Engine/Plugins/Interchange/Runtime/Content/gltf/MaterialInstances_SG/MI_Translucent_ClearCoat_TS.uexp" 675
"../../../Engine/Plugins/Interchange/Runtime/Content/gltf/MaterialInstances_SG/MI_Translucent_ClearCoat.uasset" 676
"../../../Engine/Plugins/Interchange/Runtime/Content/gltf/MaterialInstances_SG/MI_Translucent_ClearCoat.uexp" 677
"../../../Engine/Plugins/Interchange/Runtime/Content/gltf/MaterialInstances_SG/MI_Translucent.uasset" 678
"../../../Engine/Plugins/Interchange/Runtime/Content/gltf/MaterialInstances_SG/MI_Translucent.uexp" 679
"../../../Engine/Plugins/Interchange/Runtime/Content/gltf/MaterialInstances_SG/MI_Opaque_TS.uasset" 680
"../../../Engine/Plugins/Interchange/Runtime/Content/gltf/MaterialInstances_SG/MI_Opaque_TS.uexp" 681
"../../../Engine/Plugins/Interchange/Runtime/Content/gltf/MaterialInstances_SG/MI_Opaque_Sheen_TS.uasset" 682
"../../../Engine/Plugins/Interchange/Runtime/Content/gltf/MaterialInstances_SG/MI_Opaque_Sheen_TS.uexp" 683
"../../../Engine/Plugins/Interchange/Runtime/Content/gltf/MaterialInstances_SG/MI_Opaque_Sheen.uasset" 684
"../../../Engine/Plugins/Interchange/Runtime/Content/gltf/MaterialInstances_SG/MI_Opaque_Sheen.uexp" 685
"../../../Engine/Plugins/Interchange/Runtime/Content/gltf/MaterialInstances_SG/MI_Opaque_ClearCoat_TS.uasset" 686
"../../../Engine/Plugins/Interchange/Runtime/Content/gltf/MaterialInstances_SG/MI_Opaque_ClearCoat_TS.uexp" 687
"../../../Engine/Plugins/Interchange/Runtime/Content/gltf/MaterialInstances_SG/MI_Opaque_ClearCoat.uasset" 688
"../../../Engine/Plugins/Interchange/Runtime/Content/gltf/MaterialInstances_SG/MI_Opaque_ClearCoat.uexp" 689
"../../../Engine/Plugins/Interchange/Runtime/Content/gltf/MaterialInstances_SG/MI_Opaque.uasset" 690
"../../../Engine/Plugins/Interchange/Runtime/Content/gltf/MaterialInstances_SG/MI_Opaque.uexp" 691
"../../../Engine/Plugins/Interchange/Runtime/Content/gltf/Textures/T_Gray_Linear.uasset" 692
"../../../Engine/Plugins/Interchange/Runtime/Content/gltf/Textures/T_Gray_Linear.uexp" 693
"../../../Engine/Plugins/Interchange/Runtime/Content/gltf/Textures/T_Black_srgb.uasset" 694
"../../../Engine/Plugins/Interchange/Runtime/Content/gltf/Textures/T_Black_srgb.uexp" 695
"../../../Engine/Plugins/Interchange/Runtime/Content/Materials/UnlitMaterial.uasset" 696
"../../../Engine/Plugins/Interchange/Runtime/Content/Materials/UnlitMaterial.uexp" 697
"../../../Engine/Content/EngineMaterials/DefaultNormal.ubulk" 698
"../../../Engine/Content/EngineMaterials/DefaultNormal.uasset" 699
"../../../Engine/Content/EngineMaterials/DefaultNormal.uexp" 700
"../../../Engine/Plugins/Interchange/Runtime/Content/Materials/MapOrScalarFunction.uasset" 701
"../../../Engine/Plugins/Interchange/Runtime/Content/Materials/MapOrScalarFunction.uexp" 702
"../../../Engine/Plugins/Interchange/Runtime/Content/Materials/MapOrLinearColorFunction.uasset" 703
"../../../Engine/Plugins/Interchange/Runtime/Content/Materials/MapOrLinearColorFunction.uexp" 704
"../../../Engine/Plugins/Interchange/Runtime/Content/Materials/MapOrColorFunction.uasset" 705
"../../../Engine/Plugins/Interchange/Runtime/Content/Materials/MapOrColorFunction.uexp" 706
"../../../Engine/Plugins/Interchange/Runtime/Content/Materials/CommonMaterial.uasset" 707
"../../../Engine/Plugins/Interchange/Runtime/Content/Materials/CommonMaterial.uexp" 708
"../../../Engine/Plugins/Interchange/Runtime/Content/Materials/PBRSurfaceFunction.uasset" 709
"../../../Engine/Plugins/Interchange/Runtime/Content/Materials/PBRSurfaceFunction.uexp" 710
"../../../Engine/Plugins/Interchange/Runtime/Content/Materials/ThinTranslucentMaterial.uasset" 711
"../../../Engine/Plugins/Interchange/Runtime/Content/Materials/ThinTranslucentMaterial.uexp" 712
"../../../Engine/Plugins/Interchange/Runtime/Content/Materials/SubsurfaceMaterial.uasset" 713
"../../../Engine/Plugins/Interchange/Runtime/Content/Materials/SubsurfaceMaterial.uexp" 714
"../../../Engine/Plugins/Interchange/Runtime/Content/Materials/SheenMaterial.uasset" 715
"../../../Engine/Plugins/Interchange/Runtime/Content/Materials/SheenMaterial.uexp" 716
"../../../Engine/Content/Functions/Engine_MaterialFunctions01/Shading/ConvertFromDiffSpec.uasset" 717
"../../../Engine/Content/Functions/Engine_MaterialFunctions01/Shading/ConvertFromDiffSpec.uexp" 718
"../../../Engine/Plugins/Interchange/Runtime/Content/Materials/PhongSurfaceMaterial.uasset" 719
"../../../Engine/Plugins/Interchange/Runtime/Content/Materials/PhongSurfaceMaterial.uexp" 720
"../../../Engine/Plugins/Interchange/Runtime/Content/Materials/PBRSurfaceMaterial.uasset" 721
"../../../Engine/Plugins/Interchange/Runtime/Content/Materials/PBRSurfaceMaterial.uexp" 722
"../../../Engine/Content/EngineMaterials/FlatNormal.uasset" 723
"../../../Engine/Content/EngineMaterials/FlatNormal.uexp" 724
"../../../Engine/Content/EditorLandscapeResources/WhiteSquareTexture.uasset" 725
"../../../Engine/Content/EditorLandscapeResources/WhiteSquareTexture.uexp" 726
"../../../Engine/Plugins/Interchange/Runtime/Content/Materials/OrenNayerMaterial.uasset" 727
"../../../Engine/Plugins/Interchange/Runtime/Content/Materials/OrenNayerMaterial.uexp" 728
"../../../Engine/Plugins/Interchange/Runtime/Content/Materials/LambertSurfaceMaterial.uasset" 729
"../../../Engine/Plugins/Interchange/Runtime/Content/Materials/LambertSurfaceMaterial.uexp" 730
"../../../Engine/Plugins/Interchange/Runtime/Content/Materials/ClearCoatMaterial.uasset" 731
"../../../Engine/Plugins/Interchange/Runtime/Content/Materials/ClearCoatMaterial.uexp" 732
"../../../Engine/Plugins/Interchange/Runtime/Content/Pipelines/DefaultTexturePipeline.uasset" 733
"../../../Engine/Plugins/Interchange/Runtime/Content/Pipelines/DefaultTexturePipeline.uexp" 734
"../../../Engine/Plugins/Interchange/Runtime/Content/Pipelines/DefaultSceneLevelPipeline.uasset" 735
"../../../Engine/Plugins/Interchange/Runtime/Content/Pipelines/DefaultSceneLevelPipeline.uexp" 736
"../../../Engine/Plugins/Interchange/Runtime/Content/Pipelines/DefaultSceneAssetsPipeline.uasset" 737
"../../../Engine/Plugins/Interchange/Runtime/Content/Pipelines/DefaultSceneAssetsPipeline.uexp" 738
"../../../Engine/Plugins/Interchange/Runtime/Content/Pipelines/DefaultMaterialPipeline.uasset" 739
"../../../Engine/Plugins/Interchange/Runtime/Content/Pipelines/DefaultMaterialPipeline.uexp" 740
"../../../Engine/Plugins/Interchange/Runtime/Content/Pipelines/DefaultAssetsPipeline.uasset" 741
"../../../Engine/Plugins/Interchange/Runtime/Content/Pipelines/DefaultAssetsPipeline.uexp" 742
"../../../Engine/Plugins/Runtime/MeshModelingToolset/Content/Materials/M_DynamicMeshComponentVtxColor.uasset" 743
"../../../Engine/Plugins/Runtime/MeshModelingToolset/Content/Materials/M_DynamicMeshComponentVtxColor.uexp" 744
"C:/Users/P/Desktop/Jam/Content/GameJam/Character/FelipeDJP_entrance_of_a_mysterious_forest_b81d8095-00b0-466f-a3fb-85e500f7e08c.ubulk" 745
"C:/Users/P/Desktop/Jam/Content/GameJam/Character/FelipeDJP_entrance_of_a_mysterious_forest_b81d8095-00b0-466f-a3fb-85e500f7e08c.uasset" 746
"C:/Users/P/Desktop/Jam/Content/GameJam/Character/FelipeDJP_entrance_of_a_mysterious_forest_b81d8095-00b0-466f-a3fb-85e500f7e08c.uexp" 747
"C:/Users/P/Desktop/Jam/Content/GameJam/Character/FelipeDJP_entrance_of_a_mysterious_forest_b81d8095-00b0-466f-a3fb-85e500f7e08c_Mat.uasset" 748
"C:/Users/P/Desktop/Jam/Content/GameJam/Character/FelipeDJP_entrance_of_a_mysterious_forest_b81d8095-00b0-466f-a3fb-85e500f7e08c_Mat.uexp" 749
"../../../Engine/Content/BasicShapes/Sphere.ubulk" 750
"../../../Engine/Content/BasicShapes/Sphere.uasset" 751
"../../../Engine/Content/BasicShapes/Sphere.uexp" 752
"../../../Engine/Content/BasicShapes/Plane.ubulk" 753
"../../../Engine/Content/BasicShapes/Plane.uasset" 754
"../../../Engine/Content/BasicShapes/Plane.uexp" 755
"C:/Users/P/Desktop/Jam/Content/GoodSky/Resource/ArrowTool/SM_GoodSky_Moon.ubulk" 756
"C:/Users/P/Desktop/Jam/Content/GoodSky/Resource/ArrowTool/SM_GoodSky_Moon.uasset" 757
"C:/Users/P/Desktop/Jam/Content/GoodSky/Resource/ArrowTool/SM_GoodSky_Moon.uexp" 758
"C:/Users/P/Desktop/Jam/Content/GoodSky/Resource/Data/Curve/Curve_GoodSky_SunLight.uasset" 759
"C:/Users/P/Desktop/Jam/Content/GoodSky/Resource/Data/Curve/Curve_GoodSky_SunLight.uexp" 760
"C:/Users/P/Desktop/Jam/Content/GoodSky/Resource/Data/Enum/Enum_GoodSky_Clouds_Coverage.uasset" 761
"C:/Users/P/Desktop/Jam/Content/GoodSky/Resource/Data/Enum/Enum_GoodSky_Clouds_Coverage.uexp" 762
"C:/Users/P/Desktop/Jam/Content/GoodSky/Resource/Textures/T_GoodSky_noise_smooth.ubulk" 763
"C:/Users/P/Desktop/Jam/Content/GoodSky/Resource/Textures/T_GoodSky_noise_smooth.uasset" 764
"C:/Users/P/Desktop/Jam/Content/GoodSky/Resource/Textures/T_GoodSky_noise_smooth.uexp" 765
"C:/Users/P/Desktop/Jam/Content/GoodSky/Resource/Materials/Material_Function/MF_GoodSky_LightningFlick.uasset" 766
"C:/Users/P/Desktop/Jam/Content/GoodSky/Resource/Materials/Material_Function/MF_GoodSky_LightningFlick.uexp" 767
"C:/Users/P/Desktop/Jam/Content/GoodSky/Resource/Materials/Material_Function/MF_GoodSky_Time.uasset" 768
"C:/Users/P/Desktop/Jam/Content/GoodSky/Resource/Materials/Material_Function/MF_GoodSky_Time.uexp" 769
"../../../Engine/Content/Functions/Engine_MaterialFunctions01/Gradient/LinearGradient.uasset" 770
"../../../Engine/Content/Functions/Engine_MaterialFunctions01/Gradient/LinearGradient.uexp" 771
"C:/Users/P/Desktop/Jam/Content/GoodSky/Resource/Materials/Material_Function/MF_GoodSky_Top_Part_Alpha.uasset" 772
"C:/Users/P/Desktop/Jam/Content/GoodSky/Resource/Materials/Material_Function/MF_GoodSky_Top_Part_Alpha.uexp" 773
"C:/Users/P/Desktop/Jam/Content/GoodSky/Resource/Textures/T_GoodSky_clouds_F.ubulk" 774
"C:/Users/P/Desktop/Jam/Content/GoodSky/Resource/Textures/T_GoodSky_clouds_F.uasset" 775
"C:/Users/P/Desktop/Jam/Content/GoodSky/Resource/Textures/T_GoodSky_clouds_F.uexp" 776
"../../../Engine/Content/Functions/Engine_MaterialFunctions02/ExampleContent/DebugNumberStrip.uasset" 777
"../../../Engine/Content/Functions/Engine_MaterialFunctions02/ExampleContent/DebugNumberStrip.uexp" 778
"../../../Engine/Content/Functions/Engine_MaterialFunctions01/Texturing/ComputeMipLevel.uasset" 779
"../../../Engine/Content/Functions/Engine_MaterialFunctions01/Texturing/ComputeMipLevel.uexp" 780
"../../../Engine/Content/Functions/Engine_MaterialFunctions01/Texturing/TextureCropping.uasset" 781
"../../../Engine/Content/Functions/Engine_MaterialFunctions01/Texturing/TextureCropping.uexp" 782
"../../../Engine/Content/Functions/Engine_MaterialFunctions02/ExampleContent/Textures/DebugNumberPeriod.uasset" 783
"../../../Engine/Content/Functions/Engine_MaterialFunctions02/ExampleContent/Textures/DebugNumberPeriod.uexp" 784
"../../../Engine/Content/Functions/Engine_MaterialFunctions02/Utility/DebugScalarValues.uasset" 785
"../../../Engine/Content/Functions/Engine_MaterialFunctions02/Utility/DebugScalarValues.uexp" 786
"../../../Engine/Content/Functions/Engine_MaterialFunctions02/Utility/DebugFloat3Values.uasset" 787
"../../../Engine/Content/Functions/Engine_MaterialFunctions02/Utility/DebugFloat3Values.uexp" 788
"../../../Engine/Content/Functions/Engine_MaterialFunctions02/Math/RGBtoHSV.uasset" 789
"../../../Engine/Content/Functions/Engine_MaterialFunctions02/Math/RGBtoHSV.uexp" 790
"C:/Users/P/Desktop/Jam/Content/GoodSky/Resource/Textures/T_GoodSky_Lightning.ubulk" 791
"C:/Users/P/Desktop/Jam/Content/GoodSky/Resource/Textures/T_GoodSky_Lightning.uasset" 792
"C:/Users/P/Desktop/Jam/Content/GoodSky/Resource/Textures/T_GoodSky_Lightning.uexp" 793
"../../../Engine/Content/Functions/Engine_MaterialFunctions01/Texturing/ScaleUVsAroundPoint.uasset" 794
"../../../Engine/Content/Functions/Engine_MaterialFunctions01/Texturing/ScaleUVsAroundPoint.uexp" 795
"C:/Users/P/Desktop/Jam/Content/GoodSky/Resource/Materials/Material_Function/MF_GoodSky_SkyDomeAlpha.uasset" 796
"C:/Users/P/Desktop/Jam/Content/GoodSky/Resource/Materials/Material_Function/MF_GoodSky_SkyDomeAlpha.uexp" 797
"C:/Users/P/Desktop/Jam/Content/GoodSky/Resource/Textures/T_GoodSky_clouds_B.ubulk" 798
"C:/Users/P/Desktop/Jam/Content/GoodSky/Resource/Textures/T_GoodSky_clouds_B.uasset" 799
"C:/Users/P/Desktop/Jam/Content/GoodSky/Resource/Textures/T_GoodSky_clouds_B.uexp" 800
"C:/Users/P/Desktop/Jam/Content/GoodSky/Resource/Textures/T_GoodSky_clouds_A.ubulk" 801
"C:/Users/P/Desktop/Jam/Content/GoodSky/Resource/Textures/T_GoodSky_clouds_A.uasset" 802
"C:/Users/P/Desktop/Jam/Content/GoodSky/Resource/Textures/T_GoodSky_clouds_A.uexp" 803
"C:/Users/P/Desktop/Jam/Content/GoodSky/Resource/Textures/T_GoodSky_clouds_sphere.uasset" 804
"C:/Users/P/Desktop/Jam/Content/GoodSky/Resource/Textures/T_GoodSky_clouds_sphere.uexp" 805
"C:/Users/P/Desktop/Jam/Content/GoodSky/Resource/Materials/Material_Function/MF_GoodSky_Clouds_Setting.uasset" 806
"C:/Users/P/Desktop/Jam/Content/GoodSky/Resource/Materials/Material_Function/MF_GoodSky_Clouds_Setting.uexp" 807
"../../../Engine/Content/Functions/Engine_MaterialFunctions01/ImageAdjustment/DeriveHDRfromLDR.uasset" 808
"../../../Engine/Content/Functions/Engine_MaterialFunctions01/ImageAdjustment/DeriveHDRfromLDR.uexp" 809
"C:/Users/P/Desktop/Jam/Content/GoodSky/Resource/Materials/Material_Function/MF_GoodSky_Global_Setting.uasset" 810
"C:/Users/P/Desktop/Jam/Content/GoodSky/Resource/Materials/Material_Function/MF_GoodSky_Global_Setting.uexp" 811
"C:/Users/P/Desktop/Jam/Content/GoodSky/Resource/Materials/M_GoodSky_Storm.uasset" 812
"C:/Users/P/Desktop/Jam/Content/GoodSky/Resource/Materials/M_GoodSky_Storm.uexp" 813
"C:/Users/P/Desktop/Jam/Content/GoodSky/Resource/Data/Curve/Curve_GoodSky_SunDirection_Vector.uasset" 814
"C:/Users/P/Desktop/Jam/Content/GoodSky/Resource/Data/Curve/Curve_GoodSky_SunDirection_Vector.uexp" 815
"C:/Users/P/Desktop/Jam/Content/GoodSky/Resource/Data/Curve/Curve_GoodSky_horizon_Color.uasset" 816
"C:/Users/P/Desktop/Jam/Content/GoodSky/Resource/Data/Curve/Curve_GoodSky_horizon_Color.uexp" 817
"C:/Users/P/Desktop/Jam/Content/GoodSky/Resource/Data/Structure/Structure_GoodSky.uasset" 818
"C:/Users/P/Desktop/Jam/Content/GoodSky/Resource/Data/Structure/Structure_GoodSky.uexp" 819
"C:/Users/P/Desktop/Jam/Content/GoodSky/Resource/Data/DataTable/DataTable_GoodSky.uasset" 820
"C:/Users/P/Desktop/Jam/Content/GoodSky/Resource/Data/DataTable/DataTable_GoodSky.uexp" 821
"C:/Users/P/Desktop/Jam/Content/GoodSky/Resource/Textures/T_GoodSky_clouds_E.ubulk" 822
"C:/Users/P/Desktop/Jam/Content/GoodSky/Resource/Textures/T_GoodSky_clouds_E.uasset" 823
"C:/Users/P/Desktop/Jam/Content/GoodSky/Resource/Textures/T_GoodSky_clouds_E.uexp" 824
"C:/Users/P/Desktop/Jam/Content/GoodSky/Resource/Data/Enum/Enum_GoodSky_Style_Clouds.uasset" 825
"C:/Users/P/Desktop/Jam/Content/GoodSky/Resource/Data/Enum/Enum_GoodSky_Style_Clouds.uexp" 826
"C:/Users/P/Desktop/Jam/Content/GoodSky/Resource/ArrowTool/M_GoodSky_Sun_Emissive.uasset" 827
"C:/Users/P/Desktop/Jam/Content/GoodSky/Resource/ArrowTool/M_GoodSky_Sun_Emissive.uexp" 828
"C:/Users/P/Desktop/Jam/Content/GoodSky/Resource/ArrowTool/SM_GoodSky_StarMesh.ubulk" 829
"C:/Users/P/Desktop/Jam/Content/GoodSky/Resource/ArrowTool/SM_GoodSky_StarMesh.uasset" 830
"C:/Users/P/Desktop/Jam/Content/GoodSky/Resource/ArrowTool/SM_GoodSky_StarMesh.uexp" 831
"C:/Users/P/Desktop/Jam/Content/GoodSky/Resource/Data/Enum/Enum_GoodSky_MeshType.uasset" 832
"C:/Users/P/Desktop/Jam/Content/GoodSky/Resource/Data/Enum/Enum_GoodSky_MeshType.uexp" 833
"C:/Users/P/Desktop/Jam/Content/GoodSky/Resource/Textures/T_GoodSky_Stars.ubulk" 834
"C:/Users/P/Desktop/Jam/Content/GoodSky/Resource/Textures/T_GoodSky_Stars.uasset" 835
"C:/Users/P/Desktop/Jam/Content/GoodSky/Resource/Textures/T_GoodSky_Stars.uexp" 836
"C:/Users/P/Desktop/Jam/Content/GoodSky/Resource/Materials/M_GoodSky_Sun_Stars.uasset" 837
"C:/Users/P/Desktop/Jam/Content/GoodSky/Resource/Materials/M_GoodSky_Sun_Stars.uexp" 838
"C:/Users/P/Desktop/Jam/Content/GoodSky/Resource/Data/Curve/Curve_GoodSky_BaseCloudColor.uasset" 839
"C:/Users/P/Desktop/Jam/Content/GoodSky/Resource/Data/Curve/Curve_GoodSky_BaseCloudColor.uexp" 840
"C:/Users/P/Desktop/Jam/Content/GoodSky/Resource/Data/Curve/Curve_GoodSky_Stars.uasset" 841
"C:/Users/P/Desktop/Jam/Content/GoodSky/Resource/Data/Curve/Curve_GoodSky_Stars.uexp" 842
"C:/Users/P/Desktop/Jam/Content/GoodSky/Resource/Materials/M_GoodSky_Base.uasset" 843
"C:/Users/P/Desktop/Jam/Content/GoodSky/Resource/Materials/M_GoodSky_Base.uexp" 844
"C:/Users/P/Desktop/Jam/Content/GoodSky/Resource/Mesh/SM_GoodSky_Sphere.ubulk" 845
"C:/Users/P/Desktop/Jam/Content/GoodSky/Resource/Mesh/SM_GoodSky_Sphere.uasset" 846
"C:/Users/P/Desktop/Jam/Content/GoodSky/Resource/Mesh/SM_GoodSky_Sphere.uexp" 847
"C:/Users/P/Desktop/Jam/Content/GoodSky/Resource/Textures/T_GoodSky_clouds_C.ubulk" 848
"C:/Users/P/Desktop/Jam/Content/GoodSky/Resource/Textures/T_GoodSky_clouds_C.uasset" 849
"C:/Users/P/Desktop/Jam/Content/GoodSky/Resource/Textures/T_GoodSky_clouds_C.uexp" 850
"C:/Users/P/Desktop/Jam/Content/GoodSky/Resource/Mesh/SM_GoodSky_Hemisphere.ubulk" 851
"C:/Users/P/Desktop/Jam/Content/GoodSky/Resource/Mesh/SM_GoodSky_Hemisphere.uasset" 852
"C:/Users/P/Desktop/Jam/Content/GoodSky/Resource/Mesh/SM_GoodSky_Hemisphere.uexp" 853
"C:/Users/P/Desktop/Jam/Content/GoodSky/Resource/Textures/T_GoodSky_Moon.uasset" 854
"C:/Users/P/Desktop/Jam/Content/GoodSky/Resource/Textures/T_GoodSky_Moon.uexp" 855
"../../../Engine/Content/Functions/Engine_MaterialFunctions01/Density/ExponentialDensity.uasset" 856
"../../../Engine/Content/Functions/Engine_MaterialFunctions01/Density/ExponentialDensity.uexp" 857
"../../../Engine/Content/Functions/Engine_MaterialFunctions01/Gradient/RadialGradientExponential.uasset" 858
"../../../Engine/Content/Functions/Engine_MaterialFunctions01/Gradient/RadialGradientExponential.uexp" 859
"C:/Users/P/Desktop/Jam/Content/GoodSky/Resource/Materials/Material_Function/MF_GoodSky_Moon_Setting.uasset" 860
"C:/Users/P/Desktop/Jam/Content/GoodSky/Resource/Materials/Material_Function/MF_GoodSky_Moon_Setting.uexp" 861
"C:/Users/P/Desktop/Jam/Content/GoodSky/Resource/Materials/M_GoodSky_Moon.uasset" 862
"C:/Users/P/Desktop/Jam/Content/GoodSky/Resource/Materials/M_GoodSky_Moon.uexp" 863
"C:/Users/P/Desktop/Jam/Content/GoodSky/Resource/Data/Curve/Curve_GoodSky_AllOverlayColor.uasset" 864
"C:/Users/P/Desktop/Jam/Content/GoodSky/Resource/Data/Curve/Curve_GoodSky_AllOverlayColor.uexp" 865
"C:/Users/P/Desktop/Jam/Content/GoodSky/Resource/Materials/M_GoodSky_Sun_Stars_Moon.uasset" 866
"C:/Users/P/Desktop/Jam/Content/GoodSky/Resource/Materials/M_GoodSky_Sun_Stars_Moon.uexp" 867
"C:/Users/P/Desktop/Jam/Content/GoodSky/Resource/Data/Enum/Enum_GoodSky_Effects.uasset" 868
"C:/Users/P/Desktop/Jam/Content/GoodSky/Resource/Data/Enum/Enum_GoodSky_Effects.uexp" 869
"C:/Users/P/Desktop/Jam/Content/GoodSky/Resource/Textures/T_GoodSky_clouds_D.ubulk" 870
"C:/Users/P/Desktop/Jam/Content/GoodSky/Resource/Textures/T_GoodSky_clouds_D.uasset" 871
"C:/Users/P/Desktop/Jam/Content/GoodSky/Resource/Textures/T_GoodSky_clouds_D.uexp" 872
"C:/Users/P/Desktop/Jam/Content/GoodSky/Resource/ArrowTool/T_GoodSky_SkyRing.ubulk" 873
"C:/Users/P/Desktop/Jam/Content/GoodSky/Resource/ArrowTool/T_GoodSky_SkyRing.uasset" 874
"C:/Users/P/Desktop/Jam/Content/GoodSky/Resource/ArrowTool/T_GoodSky_SkyRing.uexp" 875
"C:/Users/P/Desktop/Jam/Content/GoodSky/Resource/ArrowTool/M_GoodSky_SkyRing_.uasset" 876
"C:/Users/P/Desktop/Jam/Content/GoodSky/Resource/ArrowTool/M_GoodSky_SkyRing_.uexp" 877
"C:/Users/P/Desktop/Jam/Content/GoodSky/Resource/Data/Enum/Enum_SunDirection.uasset" 878
"C:/Users/P/Desktop/Jam/Content/GoodSky/Resource/Data/Enum/Enum_SunDirection.uexp" 879
"../../../Engine/Content/EditorBlueprintResources/StandardMacros.uasset" 880
"../../../Engine/Content/EditorBlueprintResources/StandardMacros.uexp" 881
"C:/Users/P/Desktop/Jam/Content/GoodSky/Resource/Data/Enum/Enum_GoodSky_Preset.uasset" 882
"C:/Users/P/Desktop/Jam/Content/GoodSky/Resource/Data/Enum/Enum_GoodSky_Preset.uexp" 883
"C:/Users/P/Desktop/Jam/Content/GoodSky/Resource/Data/Curve/Curve_GoodSky_DomeColor.uasset" 884
"C:/Users/P/Desktop/Jam/Content/GoodSky/Resource/Data/Curve/Curve_GoodSky_DomeColor.uexp" 885
"C:/Users/P/Desktop/Jam/Content/GoodSky/Blueprint/BP_GoodSky.uasset" 886
"C:/Users/P/Desktop/Jam/Content/GoodSky/Blueprint/BP_GoodSky.uexp" 887
"C:/Users/P/Desktop/Jam/Content/LevelPrototyping/Textures/T_GridChecker_A.ubulk" 888
"C:/Users/P/Desktop/Jam/Content/LevelPrototyping/Textures/T_GridChecker_A.uasset" 889
"C:/Users/P/Desktop/Jam/Content/LevelPrototyping/Textures/T_GridChecker_A.uexp" 890
"../../../Engine/Content/Functions/Engine_MaterialFunctions01/ImageAdjustment/CheapContrast.uasset" 891
"../../../Engine/Content/Functions/Engine_MaterialFunctions01/ImageAdjustment/CheapContrast.uexp" 892
"C:/Users/P/Desktop/Jam/Content/LevelPrototyping/Materials/MF_ProcGrid.uasset" 893
"C:/Users/P/Desktop/Jam/Content/LevelPrototyping/Materials/MF_ProcGrid.uexp" 894
"C:/Users/P/Desktop/Jam/Content/LevelPrototyping/Materials/M_PrototypeGrid.uasset" 895
"C:/Users/P/Desktop/Jam/Content/LevelPrototyping/Materials/M_PrototypeGrid.uexp" 896
"C:/Users/P/Desktop/Jam/Content/LevelPrototyping/Materials/MI_PrototypeGrid_Gray.uasset" 897
"C:/Users/P/Desktop/Jam/Content/LevelPrototyping/Materials/MI_PrototypeGrid_Gray.uexp" 898
"C:/Users/P/Desktop/Jam/Content/LevelPrototyping/Meshes/SM_Cube.ubulk" 899
"C:/Users/P/Desktop/Jam/Content/LevelPrototyping/Meshes/SM_Cube.uasset" 900
"C:/Users/P/Desktop/Jam/Content/LevelPrototyping/Meshes/SM_Cube.uexp" 901
"../../../Engine/Content/Maps/Entry_BuiltData.uasset" 902
"../../../Engine/Content/Maps/Entry_BuiltData.uexp" 903
"../../../Engine/Content/Maps/Entry.uexp" 904
"../../../Engine/Content/Maps/Entry.umap" 905
"C:/Users/P/Desktop/Jam/Content/GameJam/Menu/aaaa.uasset" 906
"C:/Users/P/Desktop/Jam/Content/GameJam/Menu/aaaa.uexp" 907
"C:/Users/P/Desktop/Jam/Content/GameJam/Menu/WidgetMenu.uasset" 908
"C:/Users/P/Desktop/Jam/Content/GameJam/Menu/WidgetMenu.uexp" 909
"C:/Users/P/Desktop/Jam/Content/GameJam/Character/PlayerController_BP.uasset" 910
"C:/Users/P/Desktop/Jam/Content/GameJam/Character/PlayerController_BP.uexp" 911
"C:/Users/P/Desktop/Jam/Content/GameJam/Sounds/caja_cables.ubulk" 912
"C:/Users/P/Desktop/Jam/Content/GameJam/Sounds/caja_cables.uasset" 913
"C:/Users/P/Desktop/Jam/Content/GameJam/Sounds/caja_cables.uexp" 914
"C:/Users/P/Desktop/Jam/Content/StarterContent/Materials/M_Basic_Wall.uasset" 915
"C:/Users/P/Desktop/Jam/Content/StarterContent/Materials/M_Basic_Wall.uexp" 916
"C:/Users/P/Desktop/Jam/Content/StarterContent/Shapes/Shape_Pipe.ubulk" 917
"C:/Users/P/Desktop/Jam/Content/StarterContent/Shapes/Shape_Pipe.uasset" 918
"C:/Users/P/Desktop/Jam/Content/StarterContent/Shapes/Shape_Pipe.uexp" 919
"C:/Users/P/Desktop/Jam/Content/StarterContent/Textures/T_Brick_Clay_Old_N.ubulk" 920
"C:/Users/P/Desktop/Jam/Content/StarterContent/Textures/T_Brick_Clay_Old_N.uasset" 921
"C:/Users/P/Desktop/Jam/Content/StarterContent/Textures/T_Brick_Clay_Old_N.uexp" 922
"C:/Users/P/Desktop/Jam/Content/StarterContent/Textures/T_Perlin_Noise_M.ubulk" 923
"C:/Users/P/Desktop/Jam/Content/StarterContent/Textures/T_Perlin_Noise_M.uasset" 924
"C:/Users/P/Desktop/Jam/Content/StarterContent/Textures/T_Perlin_Noise_M.uexp" 925
"C:/Users/P/Desktop/Jam/Content/StarterContent/Textures/T_MacroVariation.uasset" 926
"C:/Users/P/Desktop/Jam/Content/StarterContent/Textures/T_MacroVariation.uexp" 927
"C:/Users/P/Desktop/Jam/Content/StarterContent/Textures/T_Brick_Clay_Old_D.ubulk" 928
"C:/Users/P/Desktop/Jam/Content/StarterContent/Textures/T_Brick_Clay_Old_D.uasset" 929
"C:/Users/P/Desktop/Jam/Content/StarterContent/Textures/T_Brick_Clay_Old_D.uexp" 930
"C:/Users/P/Desktop/Jam/Content/StarterContent/Materials/M_Brick_Clay_Old.uasset" 931
"C:/Users/P/Desktop/Jam/Content/StarterContent/Materials/M_Brick_Clay_Old.uexp" 932
"C:/Users/P/Desktop/Jam/Content/GameJam/Obstacles/ObstacleTwo_BP.uasset" 933
"C:/Users/P/Desktop/Jam/Content/GameJam/Obstacles/ObstacleTwo_BP.uexp" 934
"C:/Users/P/Desktop/Jam/Content/GameJam/Obstacles/TEX_h_obj.uexp" 935
"C:/Users/P/Desktop/Jam/Content/GameJam/Obstacles/TEX_h_obj.ubulk" 936
"C:/Users/P/Desktop/Jam/Content/GameJam/Obstacles/TEX_h_obj.uasset" 937
"C:/Users/P/Desktop/Jam/Content/GameJam/Obstacles/TEX_h_obj.uptnl" 938
"C:/Users/P/Desktop/Jam/Content/GameJam/Obstacles/h_obj.uasset" 939
"C:/Users/P/Desktop/Jam/Content/GameJam/Obstacles/h_obj.uexp" 940
"C:/Users/P/Desktop/Jam/Content/GameJam/Obstacles/forest_nature_set_all_in_Branch_average_bare.ubulk" 941
"C:/Users/P/Desktop/Jam/Content/GameJam/Obstacles/forest_nature_set_all_in_Branch_average_bare.uasset" 942
"C:/Users/P/Desktop/Jam/Content/GameJam/Obstacles/forest_nature_set_all_in_Branch_average_bare.uexp" 943
"C:/Users/P/Desktop/Jam/Content/GameJam/Obstacles/ObstacleOne_BP.uasset" 944
"C:/Users/P/Desktop/Jam/Content/GameJam/Obstacles/ObstacleOne_BP.uexp" 945
"C:/Users/P/Desktop/Jam/Content/GameJam/Sounds/Damage/death.ubulk" 946
"C:/Users/P/Desktop/Jam/Content/GameJam/Sounds/Damage/death.uasset" 947
"C:/Users/P/Desktop/Jam/Content/GameJam/Sounds/Damage/death.uexp" 948
"../../../Engine/Content/Functions/Engine_MaterialFunctions02/Utility/BlendAngleCorrectedNormals.uasset" 949
"../../../Engine/Content/Functions/Engine_MaterialFunctions02/Utility/BlendAngleCorrectedNormals.uexp" 950
"../../../Engine/Content/Functions/MaterialLayerFunctions/MatLayerBlend_NormalBlend.uasset" 951
"../../../Engine/Content/Functions/MaterialLayerFunctions/MatLayerBlend_NormalBlend.uexp" 952
"C:/Users/P/Desktop/Jam/Content/FirstPersonArms/Character/Materials/MaterialLayers/T_ML_Rubber_Blue_01_N.ubulk" 953
"C:/Users/P/Desktop/Jam/Content/FirstPersonArms/Character/Materials/MaterialLayers/T_ML_Rubber_Blue_01_N.uasset" 954
"C:/Users/P/Desktop/Jam/Content/FirstPersonArms/Character/Materials/MaterialLayers/T_ML_Rubber_Blue_01_N.uexp" 955
"C:/Users/P/Desktop/Jam/Content/FirstPersonArms/Character/Materials/MaterialLayers/T_ML_Rubber_Blue_01_D.ubulk" 956
"C:/Users/P/Desktop/Jam/Content/FirstPersonArms/Character/Materials/MaterialLayers/T_ML_Rubber_Blue_01_D.uasset" 957
"C:/Users/P/Desktop/Jam/Content/FirstPersonArms/Character/Materials/MaterialLayers/T_ML_Rubber_Blue_01_D.uexp" 958
"C:/Users/P/Desktop/Jam/Content/FirstPersonArms/Character/Materials/MaterialLayers/ML_GlossyBlack_Latex_UE4.uasset" 959
"C:/Users/P/Desktop/Jam/Content/FirstPersonArms/Character/Materials/MaterialLayers/ML_GlossyBlack_Latex_UE4.uexp" 960
"C:/Users/P/Desktop/Jam/Content/FirstPersonArms/Character/Textures/UE4_Mannequin_MAT_MASKA.ubulk" 961
"C:/Users/P/Desktop/Jam/Content/FirstPersonArms/Character/Textures/UE4_Mannequin_MAT_MASKA.uasset" 962
"C:/Users/P/Desktop/Jam/Content/FirstPersonArms/Character/Textures/UE4_Mannequin_MAT_MASKA.uexp" 963
"C:/Users/P/Desktop/Jam/Content/FirstPersonArms/Character/Textures/UE4_LOGO_CARD.ubulk" 964
"C:/Users/P/Desktop/Jam/Content/FirstPersonArms/Character/Textures/UE4_LOGO_CARD.uasset" 965
"C:/Users/P/Desktop/Jam/Content/FirstPersonArms/Character/Textures/UE4_LOGO_CARD.uexp" 966
"C:/Users/P/Desktop/Jam/Content/FirstPersonArms/Character/Materials/MaterialLayers/ML_Plastic_Shiny_Beige_LOGO.uasset" 967
"C:/Users/P/Desktop/Jam/Content/FirstPersonArms/Character/Materials/MaterialLayers/ML_Plastic_Shiny_Beige_LOGO.uexp" 968
"../../../Engine/Content/Functions/MaterialLayerFunctions/MatLayerBlend_Simple.uasset" 969
"../../../Engine/Content/Functions/MaterialLayerFunctions/MatLayerBlend_Simple.uexp" 970
"C:/Users/P/Desktop/Jam/Content/FirstPersonArms/Character/Materials/MaterialLayers/T_ML_Aluminum01.ubulk" 971
"C:/Users/P/Desktop/Jam/Content/FirstPersonArms/Character/Materials/MaterialLayers/T_ML_Aluminum01.uasset" 972
"C:/Users/P/Desktop/Jam/Content/FirstPersonArms/Character/Materials/MaterialLayers/T_ML_Aluminum01.uexp" 973
"C:/Users/P/Desktop/Jam/Content/FirstPersonArms/Character/Materials/MaterialLayers/T_ML_Aluminum01_N.ubulk" 974
"C:/Users/P/Desktop/Jam/Content/FirstPersonArms/Character/Materials/MaterialLayers/T_ML_Aluminum01_N.uasset" 975
"C:/Users/P/Desktop/Jam/Content/FirstPersonArms/Character/Materials/MaterialLayers/T_ML_Aluminum01_N.uexp" 976
"C:/Users/P/Desktop/Jam/Content/FirstPersonArms/Character/Materials/MaterialLayers/ML_SoftMetal_UE4.uasset" 977
"C:/Users/P/Desktop/Jam/Content/FirstPersonArms/Character/Materials/MaterialLayers/ML_SoftMetal_UE4.uexp" 978
"C:/Users/P/Desktop/Jam/Content/FirstPersonArms/Character/Materials/MaterialLayers/ML_Plastic_Shiny_Beige.uasset" 979
"C:/Users/P/Desktop/Jam/Content/FirstPersonArms/Character/Materials/MaterialLayers/ML_Plastic_Shiny_Beige.uexp" 980
"C:/Users/P/Desktop/Jam/Content/FirstPersonArms/Character/Textures/UE4_Mannequin__normals.ubulk" 981
"C:/Users/P/Desktop/Jam/Content/FirstPersonArms/Character/Textures/UE4_Mannequin__normals.uasset" 982
"C:/Users/P/Desktop/Jam/Content/FirstPersonArms/Character/Textures/UE4_Mannequin__normals.uexp" 983
"C:/Users/P/Desktop/Jam/Content/FirstPersonArms/Character/Materials/M_UE4Man_Body.uasset" 984
"C:/Users/P/Desktop/Jam/Content/FirstPersonArms/Character/Materials/M_UE4Man_Body.uexp" 985
"C:/Users/P/Desktop/Jam/Content/FirstPersonArms/Character/Mesh/SK_Mannequin_Arms_PhysicsAsset.uasset" 986
"C:/Users/P/Desktop/Jam/Content/FirstPersonArms/Character/Mesh/SK_Mannequin_Arms_PhysicsAsset.uexp" 987
"C:/Users/P/Desktop/Jam/Content/FirstPersonArms/Character/Mesh/SK_Mannequin_Arms_Skeleton.uasset" 988
"C:/Users/P/Desktop/Jam/Content/FirstPersonArms/Character/Mesh/SK_Mannequin_Arms_Skeleton.uexp" 989
"C:/Users/P/Desktop/Jam/Content/FirstPersonArms/Character/Mesh/SK_Mannequin_Arms.uasset" 990
"C:/Users/P/Desktop/Jam/Content/FirstPersonArms/Character/Mesh/SK_Mannequin_Arms.uexp" 991
"C:/Users/P/Desktop/Jam/Content/GameJam/Character/90s-dad/Dad1.uasset" 992
"C:/Users/P/Desktop/Jam/Content/GameJam/Character/90s-dad/Dad1.uexp" 993
"C:/Users/P/Desktop/Jam/Content/GameJam/Character/90s-dad/Dad1_Mat.uasset" 994
"C:/Users/P/Desktop/Jam/Content/GameJam/Character/90s-dad/Dad1_Mat.uexp" 995
"C:/Users/P/Desktop/Jam/Content/GameJam/Sounds/Damage/arr_2.ubulk" 996
"C:/Users/P/Desktop/Jam/Content/GameJam/Sounds/Damage/arr_2.uasset" 997
"C:/Users/P/Desktop/Jam/Content/GameJam/Sounds/Damage/arr_2.uexp" 998
"C:/Users/P/Desktop/Jam/Content/GameJam/Sounds/hop_1.ubulk" 999
"C:/Users/P/Desktop/Jam/Content/GameJam/Sounds/hop_1.uasset" 1000
"C:/Users/P/Desktop/Jam/Content/GameJam/Sounds/hop_1.uexp" 1001
"C:/Users/P/Desktop/Jam/Content/GameJam/Character/90s-dad/lambert2.uasset" 1002
"C:/Users/P/Desktop/Jam/Content/GameJam/Character/90s-dad/lambert2.uexp" 1003
"C:/Users/P/Desktop/Jam/Content/GameJam/Character/90s-dad/blinn1.uasset" 1004
"C:/Users/P/Desktop/Jam/Content/GameJam/Character/90s-dad/blinn1.uexp" 1005
"C:/Users/P/Desktop/Jam/Content/GameJam/Character/90s-dad/90sDadPose.ubulk" 1006
"C:/Users/P/Desktop/Jam/Content/GameJam/Character/90s-dad/90sDadPose.uasset" 1007
"C:/Users/P/Desktop/Jam/Content/GameJam/Character/90s-dad/90sDadPose.uexp" 1008
"C:/Users/P/Desktop/Jam/Content/GameJam/Character/Player.uasset" 1009
"C:/Users/P/Desktop/Jam/Content/GameJam/Character/Player.uexp" 1010
"C:/Users/P/Desktop/Jam/Content/GameJam/Obstacles/Texturas_6.ubulk" 1011
"C:/Users/P/Desktop/Jam/Content/GameJam/Obstacles/Texturas_6.uasset" 1012
"C:/Users/P/Desktop/Jam/Content/GameJam/Obstacles/Texturas_6.uexp" 1013
"C:/Users/P/Desktop/Jam/Content/GameJam/Obstacles/M_Tree.uasset" 1014
"C:/Users/P/Desktop/Jam/Content/GameJam/Obstacles/M_Tree.uexp" 1015
"C:/Users/P/Desktop/Jam/Content/GameJam/Walls/Trees/Model_FirTree_01.ubulk" 1016
"C:/Users/P/Desktop/Jam/Content/GameJam/Walls/Trees/Model_FirTree_01.uasset" 1017
"C:/Users/P/Desktop/Jam/Content/GameJam/Walls/Trees/Model_FirTree_01.uexp" 1018
"C:/Users/P/Desktop/Jam/Content/GameJam/Walls/Wall_BP.uasset" 1019
"C:/Users/P/Desktop/Jam/Content/GameJam/Walls/Wall_BP.uexp" 1020
"C:/Users/P/Desktop/Jam/Content/GameJam/Walls/Trees/Model_Tree_003.ubulk" 1021
"C:/Users/P/Desktop/Jam/Content/GameJam/Walls/Trees/Model_Tree_003.uasset" 1022
"C:/Users/P/Desktop/Jam/Content/GameJam/Walls/Trees/Model_Tree_003.uexp" 1023
"C:/Users/P/Desktop/Jam/Content/GameJam/Walls/Wall_BP_2.uasset" 1024
"C:/Users/P/Desktop/Jam/Content/GameJam/Walls/Wall_BP_2.uexp" 1025
"C:/Users/P/Desktop/Jam/Content/GameJam/Walls/Trees/Model_Tree_04.ubulk" 1026
"C:/Users/P/Desktop/Jam/Content/GameJam/Walls/Trees/Model_Tree_04.uasset" 1027
"C:/Users/P/Desktop/Jam/Content/GameJam/Walls/Trees/Model_Tree_04.uexp" 1028
"C:/Users/P/Desktop/Jam/Content/GameJam/Walls/Wall_BP_3.uasset" 1029
"C:/Users/P/Desktop/Jam/Content/GameJam/Walls/Wall_BP_3.uexp" 1030
"C:/Users/P/Desktop/Jam/Content/GameJam/Walls/Trees/Model_FirTree_02.ubulk" 1031
"C:/Users/P/Desktop/Jam/Content/GameJam/Walls/Trees/Model_FirTree_02.uasset" 1032
"C:/Users/P/Desktop/Jam/Content/GameJam/Walls/Trees/Model_FirTree_02.uexp" 1033
"C:/Users/P/Desktop/Jam/Content/GameJam/Walls/Wall_BP_4.uasset" 1034
"C:/Users/P/Desktop/Jam/Content/GameJam/Walls/Wall_BP_4.uexp" 1035
"C:/Users/P/Desktop/Jam/Content/GameJam/Obstacles/Tree_Bark_lambert_BaseColor.ubulk" 1036
"C:/Users/P/Desktop/Jam/Content/GameJam/Obstacles/Tree_Bark_lambert_BaseColor.uasset" 1037
"C:/Users/P/Desktop/Jam/Content/GameJam/Obstacles/Tree_Bark_lambert_BaseColor.uexp" 1038
"C:/Users/P/Desktop/Jam/Content/GameJam/Obstacles/h_obj_2.uasset" 1039
"C:/Users/P/Desktop/Jam/Content/GameJam/Obstacles/h_obj_2.uexp" 1040
"C:/Users/P/Desktop/Jam/Content/GameJam/Obstacles/forest_nature_set_all_in_Bush_average_bare.ubulk" 1041
"C:/Users/P/Desktop/Jam/Content/GameJam/Obstacles/forest_nature_set_all_in_Bush_average_bare.uasset" 1042
"C:/Users/P/Desktop/Jam/Content/GameJam/Obstacles/forest_nature_set_all_in_Bush_average_bare.uexp" 1043
"C:/Users/P/Desktop/Jam/Content/GameJam/Obstacles/ObstacleThree_BP.uasset" 1044
"C:/Users/P/Desktop/Jam/Content/GameJam/Obstacles/ObstacleThree_BP.uexp" 1045
"C:/Users/P/Desktop/Jam/Content/GameJam/Sounds/chaING1.ubulk" 1046
"C:/Users/P/Desktop/Jam/Content/GameJam/Sounds/chaING1.uasset" 1047
"C:/Users/P/Desktop/Jam/Content/GameJam/Sounds/chaING1.uexp" 1048
"C:/Users/P/Desktop/Jam/Content/GameJam/Sounds/root_song_85.ubulk" 1049
"C:/Users/P/Desktop/Jam/Content/GameJam/Sounds/root_song_85.uasset" 1050
"C:/Users/P/Desktop/Jam/Content/GameJam/Sounds/root_song_85.uexp" 1051
"C:/Users/P/Desktop/Jam/Content/GameJam/Sounds/root_song_120.ubulk" 1052
"C:/Users/P/Desktop/Jam/Content/GameJam/Sounds/root_song_120.uasset" 1053
"C:/Users/P/Desktop/Jam/Content/GameJam/Sounds/root_song_120.uexp" 1054
"C:/Users/P/Desktop/Jam/Content/GameJam/HUD/MyHUD_BP.uasset" 1055
"C:/Users/P/Desktop/Jam/Content/GameJam/HUD/MyHUD_BP.uexp" 1056
"C:/Users/P/Desktop/Jam/Content/GameJam/Widget/MainWidget_BP.uasset" 1057
"C:/Users/P/Desktop/Jam/Content/GameJam/Widget/MainWidget_BP.uexp" 1058
"C:/Users/P/Desktop/Jam/Content/GameJam/Sounds/chaING2.ubulk" 1059
"C:/Users/P/Desktop/Jam/Content/GameJam/Sounds/chaING2.uasset" 1060
"C:/Users/P/Desktop/Jam/Content/GameJam/Sounds/chaING2.uexp" 1061
"C:/Users/P/Desktop/Jam/Content/GameJam/GameMode/NewMode.uasset" 1062
"C:/Users/P/Desktop/Jam/Content/GameJam/GameMode/NewMode.uexp" 1063
"C:/Users/P/Desktop/Jam/Content/GameJam/Menu/MenuNivel.uexp" 1064
"C:/Users/P/Desktop/Jam/Content/GameJam/Menu/MenuNivel.umap" 1065
"../../../Engine/Content/Maps/Templates/HLODs/HLODLayer_Instanced.uasset" 1066
"../../../Engine/Content/Maps/Templates/HLODs/HLODLayer_Instanced.uexp" 1067
"C:/Users/P/Desktop/Jam/Content/GameJam/Level/MainLevel.uexp" 1068
"C:/Users/P/Desktop/Jam/Content/GameJam/Level/MainLevel.umap" 1069
